1.608812510967254639e-01
1.104834526777267456e-01
-7.725851237773895264e-02
1.894809603691101074e-01
3.157817944884300232e-02
7.413533329963684082e-02
3.788496181368827820e-02
-5.668702535331249237e-03
-6.886222958564758301e-02
8.545645326375961304e-02
-1.944107562303543091e-01
-4.235536754131317139e-01
1.656605750322341919e-01
1.515076905488967896e-01
-6.997961997985839844e-01
-3.646187484264373779e-01
1.635069586336612701e-02
-9.869373403489589691e-03
3.523510321974754333e-02
-3.812600672245025635e-02
2.961048856377601624e-03
1.056596543639898300e-02
-3.041735384613275528e-03
-3.393953666090965271e-03
-1.456895843148231506e-02
4.018019139766693115e-02
-3.077226690948009491e-02
-3.753102943301200867e-02
2.740888297557830811e-02
-1.046139970421791077e-01
4.676944017410278320e-01
2.936291508376598358e-02
9.458871930837631226e-02
-4.547080025076866150e-02
-1.242234483361244202e-01
3.210064489394426346e-03
-1.434153597801923752e-02
-1.223387476056814194e-02
-5.167207121849060059e-02
-9.913059324026107788e-02
9.957506321370601654e-03
-1.625494845211505890e-02
-2.862995564937591553e-01
-2.206894606351852417e-01
3.573071584105491638e-02
1.506984978914260864e-01
5.923206731677055359e-02
-1.929634809494018555e-01
9.828186780214309692e-02
-2.596302330493927002e-01
1.380560696125030518e-01
-5.383037775754928589e-02
-1.366535853594541550e-02
7.512398064136505127e-02
-2.253234386444091797e-03
-2.229616977274417877e-02
6.822753697633743286e-02
2.563787996768951416e-02
-2.670863270759582520e-02
-1.664778590202331543e-01
-4.297161474823951721e-02
-4.832451418042182922e-02
-1.513094902038574219e-01
-7.936131954193115234e-02
2.435757219791412354e-02
-2.145468741655349731e-01
-8.720593899488449097e-02
-2.896394133567810059e-01
-2.710802853107452393e-01
6.658634636551141739e-03
-5.030934116803109646e-04
7.599585503339767456e-02
-7.350295037031173706e-02
3.933728486299514771e-02
2.089119143784046173e-02
-2.782773375511169434e-01
-1.028786748647689819e-01
8.596950024366378784e-02
-6.856942176818847656e-02
-9.071568399667739868e-02
-2.888155356049537659e-02
1.260485947132110596e-01
-1.150778755545616150e-01
-2.961952388286590576e-01
5.283281579613685608e-02
-4.773320630192756653e-02
4.635754227638244629e-02
2.373495139181613922e-02
2.380237914621829987e-02
1.249130368232727051e-01
-1.004759967327117920e-01
-5.537436902523040771e-02
-5.783200636506080627e-02
1.507360041141510010e-01
-1.028625890612602234e-01
-2.400630116462707520e-01
-3.232823312282562256e-02
1.273250579833984375e-01
-4.983813762664794922e-01
-1.358136832714080811e-01
-2.443273067474365234e-01
6.325901299715042114e-02
1.240055263042449951e-02
1.773181557655334473e-02
-6.150451675057411194e-02
-5.057212896645069122e-03
1.053496263921260834e-02
2.387512847781181335e-02
-1.522158831357955933e-01
5.820290744304656982e-02
-2.097201719880104065e-02
-4.365816712379455566e-01
6.446007639169692993e-02
8.117178082466125488e-02
-2.272105664014816284e-01
6.202794238924980164e-02
-6.972441673278808594e-01
1.440232270397245884e-03
4.269212856888771057e-02
2.366056200116872787e-03
1.557998917996883392e-02
1.212885007262229919e-01
2.486740797758102417e-01
1.479075551033020020e-01
-2.877842076122760773e-02
4.305603727698326111e-02
1.015047822147607803e-02
-4.660187959671020508e-01
-1.067865733057260513e-02
2.014493495225906372e-01
-3.643428385257720947e-01
-9.916045516729354858e-02
-3.634942173957824707e-01
-7.787449285387992859e-03
-2.523057535290718079e-02
-1.480761468410491943e-01
6.844846904277801514e-02
5.902125313878059387e-02
-3.061281517148017883e-02
1.459189206361770630e-01
-1.188433915376663208e-01
9.076718986034393311e-02
1.810325309634208679e-02
-2.947549521923065186e-01
-5.542720109224319458e-02
-4.924400895833969116e-02
-6.186632066965103149e-02
2.857525460422039032e-02
-5.552235245704650879e-01
-1.052934005856513977e-01
5.276497919112443924e-03
-3.898097574710845947e-02
9.754130244255065918e-02
1.740670390427112579e-02
1.394058465957641602e-01
-4.373682141304016113e-01
-5.937394872307777405e-02
1.698293387889862061e-01
-5.271044373512268066e-02
-3.675787746906280518e-01
-8.677328936755657196e-03
-2.660773992538452148e-01
-9.238705039024353027e-01
9.978272020816802979e-02
-2.991976141929626465e-01
6.935372203588485718e-02
-3.380840644240379333e-02
9.637484699487686157e-02
4.592381119728088379e-01
9.699352830648422241e-02
1.371283084154129028e-02
-5.035573244094848633e-01
-1.068198606371879578e-01
1.339651197195053101e-01
6.737123429775238037e-02
-2.455317229032516479e-01
2.603140659630298615e-02
1.155582293868064880e-01
-5.994458124041557312e-02
1.580221205949783325e-01
-1.434873342514038086e-01
-7.999647408723831177e-02
-1.328416913747787476e-01
4.991573840379714966e-02
-3.379530459642410278e-02
-2.152377972379326820e-03
2.355311065912246704e-02
1.765902638435363770e-01
1.132204905152320862e-01
-3.836657619103789330e-03
-3.245913088321685791e-01
-7.654013484716415405e-02
-2.784659154713153839e-02
-8.420696109533309937e-02
-7.407692819833755493e-02
-6.553654074668884277e-01
1.018077600747346878e-02
-6.390169262886047363e-02
-5.857216939330101013e-02
1.326471567153930664e-01
3.511999920010566711e-02
4.644373059272766113e-02
1.125479787588119507e-01
-8.614112436771392822e-02
4.793271422386169434e-02
-3.278900310397148132e-02
1.144196372479200363e-02
-1.702486723661422729e-01
1.282517239451408386e-02
3.039342723786830902e-02
-5.987853184342384338e-02
-6.850025057792663574e-01
-4.415883123874664307e-02
-7.004695385694503784e-02
-4.845922347158193588e-03
3.319875895977020264e-01
-3.510749712586402893e-02
1.265257149934768677e-01
-6.143380701541900635e-02
-6.071679592132568359e-01
1.154958978295326233e-01
-6.354508548974990845e-02
3.408461213111877441e-01
-1.975634396076202393e-01
3.794742003083229065e-02
-3.782019317150115967e-01
2.839039266109466553e-02
-8.186482191085815430e-01
8.008448407053947449e-03
-8.062046766281127930e-02
-5.388198420405387878e-02
3.710763454437255859e-01
6.444407254457473755e-02
2.710560709238052368e-02
-1.062963083386421204e-01
1.814781725406646729e-01
7.308053970336914062e-02
7.932742685079574585e-02
5.046447366476058960e-02
-1.417686790227890015e-01
5.311369895935058594e-02
2.482743188738822937e-02
-1.179473996162414551e-01
-5.320154428482055664e-01
-1.999788451939821243e-03
-3.604494407773017883e-02
-1.449095457792282104e-02
3.536876440048217773e-01
-2.752993442118167877e-02
-1.293363794684410095e-02
1.426684558391571045e-01
1.994362771511077881e-01
1.010043919086456299e-01
-1.055153012275695801e-01
2.700691521167755127e-01
-2.799064517021179199e-01
3.442472219467163086e-02
2.020708173513412476e-01
-1.863298118114471436e-01
-2.792544364929199219e-01
-9.822016954421997070e-02
-4.365819692611694336e-02
-1.674826256930828094e-02
1.064973846077919006e-01
6.381910294294357300e-03
6.275411695241928101e-02
-2.042408660054206848e-02
1.886160671710968018e-01
-1.203405708074569702e-01
6.060902029275894165e-02
1.167986914515495300e-01
-5.307535082101821899e-02
-2.956548146903514862e-02
2.763437572866678238e-03
1.347809880971908569e-01
-4.794078767299652100e-01
-5.829069614410400391e-01
7.174280937761068344e-03
-4.140681028366088867e-02
3.086251020431518555e-01
1.215608604252338409e-02
1.453993096947669983e-02
-2.366278134286403656e-02
2.397440187633037567e-02
-1.043370139086619020e-04
-9.836296550929546356e-03
9.149671532213687897e-03
-5.463564395904541016e-02
3.627948928624391556e-03
1.239032596349716187e-01
-1.830952316522598267e-01
3.354477509856224060e-02
3.382769227027893066e-02
5.765603482723236084e-02
-1.992162503302097321e-02
2.174049019813537598e-01
4.412893578410148621e-02
4.283315315842628479e-02
4.511806964874267578e-01
7.611224055290222168e-02
-3.229458257555961609e-02
3.226570188999176025e-01
8.336300030350685120e-03
-3.761429190635681152e-01
2.027417067438364029e-03
-1.924153976142406464e-02
-2.096495926380157471e-01
-1.180484592914581299e-01
-5.359847545623779297e-01
5.134750902652740479e-02
5.950713064521551132e-03
1.539889425039291382e-01
1.656593754887580872e-03
1.455037388950586319e-02
-1.236061751842498779e-01
1.702510565519332886e-01
1.308814585208892822e-01
1.142411604523658752e-01
3.022434376180171967e-02
-3.809187114238739014e-01
-5.709790065884590149e-02
9.859380871057510376e-02
2.290738075971603394e-01
2.914138697087764740e-02
-5.295978188514709473e-01
1.582028865814208984e-01
6.664798129349946976e-03
-8.512123674154281616e-02
1.130418702960014343e-01
2.165482938289642334e-02
2.548099309206008911e-02
-7.001171261072158813e-02
1.232510209083557129e-01
-2.123508974909782410e-02
-7.195057719945907593e-02
2.037032507359981537e-02
1.574213430285453796e-02
-5.766978487372398376e-02
-1.954045295715332031e-01
-2.124131768941879272e-01
-1.076323509216308594e+00
1.231075972318649292e-01
1.038711424916982651e-02
3.215534240007400513e-02
-1.171432361006736755e-01
-5.759428441524505615e-02
1.103579066693782806e-02
-1.387517303228378296e-01
1.129836123436689377e-02
-8.055219054222106934e-02
9.230477362871170044e-02
-2.703299522399902344e-01
8.913029916584491730e-03
-8.171246387064456940e-03
-2.132160216569900513e-01
2.055624499917030334e-02
8.360712788999080658e-03
-6.003491580486297607e-02
2.724143862724304199e-02
1.093483865261077881e-01
-1.162045449018478394e-02
-3.954870253801345825e-02
-1.785026192665100098e-01
9.629159420728683472e-02
-3.418189659714698792e-02
5.736500024795532227e-02
-2.444684803485870361e-01
1.485525518655776978e-01
5.450878664851188660e-02
-1.877930313348770142e-01
3.745263218879699707e-01
-6.203606128692626953e-01
-2.985878288745880127e-02
2.698500081896781921e-02
-3.120598942041397095e-02
6.664190441370010376e-02
5.258028395473957062e-03
1.315603964030742645e-02
-1.476915627717971802e-01
-4.002090096473693848e-01
9.191257506608963013e-02
3.576807677745819092e-02
1.048777922987937927e-01
-3.129973635077476501e-02
-5.550673231482505798e-02
-4.356588795781135559e-02
-1.047800704836845398e-01
-2.049053274095058441e-02
-3.786715492606163025e-02
9.796684607863426208e-03
-2.294223010540008545e-02
-2.200298709794878960e-03
-4.173900187015533447e-02
-5.044038221240043640e-02
3.186634480953216553e-01
-6.306452751159667969e-01
1.566833555698394775e-01
3.407771885395050049e-02
2.217104583978652954e-01
-8.817950263619422913e-03
6.661659479141235352e-02
-3.123586773872375488e-01
-7.333616167306900024e-02
4.019119739532470703e-01
-1.494979579001665115e-02
4.865415394306182861e-02
-3.461180627346038818e-02
-6.411912292242050171e-02
6.238989159464836121e-02
5.736974626779556274e-02
-2.988212704658508301e-01
-1.413635611534118652e-01
1.238288953900337219e-01
8.667825907468795776e-02
-3.562452644109725952e-02
1.062267199158668518e-01
3.041770681738853455e-02
1.034450978040695190e-01
-2.838027477264404297e-01
2.836497128009796143e-01
-1.407125145196914673e-01
-5.706525966525077820e-02
-2.677164040505886078e-02
-1.794141232967376709e-01
4.636053461581468582e-03
-6.512784399092197418e-03
-2.153200060129165649e-01
4.527889564633369446e-02
1.862613409757614136e-01
-6.850250810384750366e-02
5.518531799316406250e-02
-3.561559692025184631e-02
1.233671791851520538e-02
1.499000340700149536e-01
-2.962979674339294434e-01
-1.231476590037345886e-01
-1.395474523305892944e-01
1.861714571714401245e-02
2.529905922710895538e-02
-2.912089526653289795e-01
-1.898636296391487122e-02
9.991603903472423553e-03
-2.679242491722106934e-01
4.719168692827224731e-02
5.327379703521728516e-02
3.171293810009956360e-02
-6.617513298988342285e-02
9.043267369270324707e-02
-2.444421872496604919e-02
8.267844468355178833e-02
-5.563032254576683044e-02
-4.877961277961730957e-01
-7.266823947429656982e-02
1.913420483469963074e-02
4.616212099790573120e-02
-1.981196254491806030e-01
1.477480982430279255e-04
7.724656909704208374e-02
2.503758668899536133e-01
1.069561112672090530e-02
-1.925332397222518921e-01
-8.069051802158355713e-02
-7.901846617460250854e-02
9.655656665563583374e-02
1.404361799359321594e-02
1.567288488149642944e-01
-1.002635061740875244e-01
-4.962752386927604675e-02
-8.896236866712570190e-02
1.053126454353332520e-01
-4.307682160288095474e-03
1.325968503952026367e-01
5.269291996955871582e-02
2.048158645629882812e-02
8.233755826950073242e-02
2.274211347103118896e-01
-2.456020265817642212e-01
7.266461253166198730e-01
-7.557847350835800171e-02
-1.894630938768386841e-01
-4.337940737605094910e-02
5.752493813633918762e-02
3.699543699622154236e-02
1.653441227972507477e-02
-1.616638712584972382e-02
9.249235689640045166e-02
4.159809648990631104e-02
1.015620455145835876e-01
2.192819118499755859e-01
-1.715785451233386993e-02
6.541167199611663818e-02
1.533874720335006714e-01
-1.999984681606292725e-01
-7.166985422372817993e-02
-3.487119451165199280e-02
-1.791826784610748291e-01
-3.626493737101554871e-02
1.254118164069950581e-03
1.114782132208347321e-02
6.832688301801681519e-02
1.343092173337936401e-01
1.414086073637008667e-01
-1.521913427859544754e-02
-2.229821383953094482e-01
1.446335855871438980e-02
1.543328464031219482e-01
2.326322486624121666e-03
-8.985935896635055542e-02
-1.443502008914947510e-01
8.308643847703933716e-02
-6.508495658636093140e-02
-9.950547665357589722e-02
1.710424013435840607e-02
-2.273903042078018188e-01
2.362430095672607422e-01
-3.666566684842109680e-02
-7.200192213058471680e-01
1.187816560268402100e-01
-8.484611660242080688e-02
1.479086875915527344e-01
-1.073317676782608032e-01
-3.953320905566215515e-02
3.787517920136451721e-02
-7.102943491190671921e-03
-4.735501110553741455e-02
9.428771585226058960e-02
3.214362263679504395e-02
-1.519148200750350952e-01
-5.746767390519380569e-03
1.008847653865814209e-01
3.609682619571685791e-01
-9.094665944576263428e-02
2.344788610935211182e-01
-8.740318007767200470e-03
-1.069692671298980713e-01
-1.317896991968154907e-01
-4.197943210601806641e-02
6.600696593523025513e-02
-4.315617308020591736e-02
1.140706986188888550e-01
-7.235817611217498779e-02
-5.823222547769546509e-02
-5.595999360084533691e-01
2.330316901206970215e-01
-1.082134083844721317e-03
-1.427454203367233276e-01
-5.458712577819824219e-01
-2.704522907733917236e-01
1.730300486087799072e-02
-2.487563900649547577e-02
1.150619704276323318e-02
-1.697051674127578735e-01
7.436580955982208252e-03
7.283764332532882690e-02
6.455588340759277344e-02
-3.514598011970520020e-01
2.149503119289875031e-02
-3.986901417374610901e-02
-9.431137144565582275e-02
5.350654572248458862e-02
2.184098400175571442e-02
-3.480539917945861816e-01
-2.638528048992156982e-01
1.087279692292213440e-01
7.471700757741928101e-02
-7.729612116236239672e-05
-4.840327426791191101e-02
-2.083238363265991211e-01
5.427339114248752594e-03
1.520317513495683670e-03
-4.237924516201019287e-02
-3.261386975646018982e-02
3.296151012182235718e-02
-3.782976791262626648e-02
1.767504811286926270e-01
2.591426968574523926e-01
-1.525875739753246307e-02
-4.104452431201934814e-01
-1.938915997743606567e-01
5.352384448051452637e-01
1.977041065692901611e-01
1.134677790105342865e-02
-1.085640862584114075e-03
-1.636206954717636108e-01
9.831821918487548828e-02
4.908869415521621704e-02
1.418322026729583740e-01
7.393505424261093140e-02
1.074242293834686279e-01
-2.065348029136657715e-01
1.177912205457687378e-01
1.976869702339172363e-01
4.890548437833786011e-02
1.318614836782217026e-02
-2.703250646591186523e-01
2.327906489372253418e-01
1.550180464982986450e-01
-9.694766486063599586e-04
-5.462242662906646729e-02
9.077828377485275269e-02
-1.983252912759780884e-02
7.990021258592605591e-02
-2.012968659400939941e-01
-1.119817495346069336e-01
1.180665940046310425e-01
-3.175666183233261108e-02
-2.241222560405731201e-02
5.100486427545547485e-02
3.892426937818527222e-02
4.051543474197387695e-01
-5.116744339466094971e-02
-5.389440432190895081e-02
2.759473025798797607e-01
-3.067068383097648621e-02
-1.013707146048545837e-01
-2.126831263303756714e-01
-1.186622604727745056e-01
-6.787140667438507080e-02
4.991165176033973694e-02
-1.075228452682495117e-01
2.278175652027130127e-01
1.485600322484970093e-01
-5.608721077442169189e-02
2.404774278402328491e-01
-3.713336586952209473e-02
3.317809477448463440e-02
2.453342527151107788e-01
-2.972526550292968750e-01
3.774732947349548340e-01
-5.987153947353363037e-02
-3.185787238180637360e-03
-2.735274136066436768e-01
5.191991850733757019e-02
1.136971637606620789e-01
2.653004229068756104e-01
3.555248305201530457e-02
2.685420513153076172e-01
1.421365886926651001e-01
-3.167982771992683411e-02
3.471648693084716797e-01
2.885296475142240524e-03
1.075855642557144165e-01
2.817012667655944824e-01
-5.632190033793449402e-02
2.340248525142669678e-01
5.750569328665733337e-02
3.470622375607490540e-02
3.247263431549072266e-01
1.875437051057815552e-01
-3.438660874962806702e-03
-4.826944321393966675e-03
3.767698109149932861e-01
-1.863416582345962524e-01
2.255864143371582031e-01
-4.748836532235145569e-02
1.950286030769348145e-01
-1.166764870285987854e-01
6.528550293296575546e-03
1.069922596216201782e-01
-6.604741327464580536e-03
1.476362496614456177e-01
2.864742875099182129e-01
-5.925419554114341736e-02
3.204869478940963745e-02
6.351353228092193604e-02
1.014242600649595261e-02
8.967138081789016724e-02
-2.806411683559417725e-02
-3.590505123138427734e-01
8.725148439407348633e-02
-7.305716630071401596e-03
5.809633061289787292e-02
-5.353925749659538269e-02
4.802362620830535889e-02
-2.227523177862167358e-02
-2.922706492245197296e-02
2.856242954730987549e-01
4.413417354226112366e-02
3.440995514392852783e-02
-1.595321744680404663e-01
-1.650075018405914307e-01
7.447550445795059204e-02
1.576612819917500019e-03
-3.003531694412231445e-01
-2.321972884237766266e-02
2.257487177848815918e-02
-5.426352471113204956e-02
-8.289910107851028442e-02
5.633531510829925537e-02
-1.469578891992568970e-01
2.869906425476074219e-01
1.595277525484561920e-02
-5.739162564277648926e-01
1.006286665797233582e-01
-4.289289563894271851e-02
1.447367221117019653e-01
-6.097010523080825806e-02
-1.043869704008102417e-01
-2.138971723616123199e-02
5.099350586533546448e-03
-8.950514346361160278e-02
1.880818046629428864e-02
5.246158316731452942e-02
-3.366201221942901611e-01
-4.635730758309364319e-02
2.635028958320617676e-01
-2.454746216535568237e-01
-2.687005512416362762e-02
4.141145348548889160e-01
-5.992209166288375854e-02
-2.153241657651960850e-04
-1.571543514728546143e-01
6.727801519446074963e-04
-8.708605170249938965e-02
1.453009899705648422e-02
-1.250863075256347656e-01
-1.757825911045074463e-01
1.957104355096817017e-02
-5.021480321884155273e-01
1.402645409107208252e-01
-6.066831201314926147e-02
6.422916799783706665e-02
-2.816817164421081543e-01
-6.574735045433044434e-02
-5.318882316350936890e-02
-7.722547650337219238e-02
8.400251157581806183e-03
1.085840724408626556e-02
-2.056772634387016296e-02
1.320049073547124863e-02
-9.209971874952316284e-02
-1.428260654211044312e-01
4.484116565436124802e-03
6.995972990989685059e-02
-9.308595955371856689e-02
-8.915370702743530273e-02
-7.754154503345489502e-02
-1.537964195013046265e-01
-1.586574018001556396e-01
9.756619483232498169e-02
2.081709355115890503e-01
4.324041306972503662e-02
1.669719256460666656e-02
1.939218305051326752e-02
9.106763452291488647e-02
3.729337081313133240e-02
-3.815643191337585449e-01
2.923929318785667419e-02
-8.279382437467575073e-02
5.423061922192573547e-02
6.429743170738220215e-01
7.641166448593139648e-02
3.115747682750225067e-02
-5.002475380897521973e-01
-1.506809145212173462e-01
2.207644134759902954e-01
4.232659563422203064e-02
3.902489319443702698e-02
6.307976786047220230e-03
-1.996774598956108093e-02
1.231477875262498856e-02
-1.199940312653779984e-02
-7.161711901426315308e-02
-3.811748698353767395e-02
-1.125676780939102173e-01
2.699990868568420410e-01
-4.855849966406822205e-02
1.162861734628677368e-01
9.260958433151245117e-02
-1.186085790395736694e-01
2.138157039880752563e-01
8.979270607233047485e-02
1.771824210882186890e-01
5.418874323368072510e-02
7.233334332704544067e-02
-1.640577614307403564e-01
-1.261612176895141602e-01
2.191542275249958038e-02
-1.752024590969085693e-01
1.060136333107948303e-01
-4.479901120066642761e-02
-6.940767168998718262e-03
9.611463546752929688e-02
-4.385399445891380310e-02
4.777976125478744507e-02
3.527077734470367432e-01
4.132563769817352295e-01
-1.718992739915847778e-01
2.084879875183105469e-01
3.666555881500244141e-02
3.022005083039402962e-03
-2.927907556295394897e-02
-4.228600487112998962e-02
7.618845254182815552e-02
4.009437859058380127e-01
-1.807411909103393555e-01
1.549001634120941162e-01
1.092092245817184448e-01
1.624972373247146606e-02
1.554526388645172119e-01
7.431185338646173477e-03
3.745039924979209900e-02
9.793061017990112305e-02
1.522154454141855240e-02
1.899582743644714355e-01
-4.051259905099868774e-02
-6.316019594669342041e-02
3.047541715204715729e-02
4.248753190040588379e-01
-4.176361020654439926e-03
-5.225227773189544678e-02
-1.492586731910705566e-02
2.036143392324447632e-01
1.276536136865615845e-01
-4.991692840121686459e-04
-6.270270794630050659e-02
-1.111486181616783142e-02
2.991284802556037903e-02
5.401348229497671127e-03
-2.626033499836921692e-02
1.846556067466735840e-01
9.253338724374771118e-02
1.921862177550792694e-02
4.743495285511016846e-01
1.679561585187911987e-01
-3.626004233956336975e-02
4.174610227346420288e-02
7.304109334945678711e-01
2.999311387538909912e-01
2.169949710369110107e-01
5.015311390161514282e-02
1.085733547806739807e-01
-4.255735129117965698e-02
1.177037414163351059e-02
2.210101857781410217e-02
1.926636323332786560e-02
1.226531788706779480e-01
1.317944675683975220e-01
5.515094473958015442e-02
-2.672537788748741150e-02
-1.474125087261199951e-01
6.462893635034561157e-02
6.166300270706415176e-03
-2.456822395324707031e-01
-2.520175278186798096e-01
-8.645810931921005249e-02
-8.543148636817932129e-03
2.910139858722686768e-01
2.312476187944412231e-02
-2.603238262236118317e-02
-1.279784142971038818e-01
-6.901324260979890823e-03
2.829463183879852295e-01
1.563142091035842896e-01
2.720419783145189285e-03
-8.650583028793334961e-02
-1.719325184822082520e-01
-1.058415025472640991e-01
-2.311520278453826904e-02
-2.688952684402465820e-01
-1.480734199285507202e-01
-2.131929844617843628e-01
-6.652279943227767944e-02
5.702119320631027222e-02
7.702476345002651215e-03
-1.529448479413986206e-01
5.019346624612808228e-02
4.659483954310417175e-02
-5.187182426452636719e-01
-1.544107645750045776e-01
-9.365596808493137360e-03
1.321184337139129639e-01
1.410307269543409348e-02
-1.129479780793190002e-01
9.187006205320358276e-02
1.474974900484085083e-01
-1.517237424850463867e-01
2.644220134243369102e-03
9.221366047859191895e-02
-2.019847333431243896e-01
-8.664467604830861092e-04
1.297167986631393433e-01
-1.104520678520202637e+00
-8.838803321123123169e-02
1.484027951955795288e-01
-8.640434592962265015e-03
5.990231782197952271e-02
1.171678751707077026e-01
-4.148536920547485352e-02
-1.053161397576332092e-01
5.830607190728187561e-02
-1.190895214676856995e-01
-1.385028101503849030e-02
5.782462283968925476e-02
-2.336628586053848267e-01
9.856639057397842407e-02
5.037036910653114319e-02
-7.919114083051681519e-02
9.382532909512519836e-03
9.814631193876266479e-03
-3.195475041866302490e-02
2.733526192605495453e-02
2.148694694042205811e-01
-1.236084010452032089e-02
3.978861123323440552e-02
6.820365320891141891e-03
-2.116788327693939209e-01
-1.470384597778320312e-01
-1.404141038656234741e-01
3.615938127040863037e-02
-2.132288925349712372e-02
1.088657137006521225e-02
-3.246534615755081177e-02
-4.216846823692321777e-02
1.694108545780181885e-01
1.293884515762329102e-01
7.347259204834699631e-03
3.573267906904220581e-02
6.345016509294509888e-02
-1.548368930816650391e-01
9.990398585796356201e-02
3.727297112345695496e-02
-2.967404425144195557e-01
9.427872300148010254e-02
-7.638328522443771362e-02
2.903878688812255859e-01
2.873047888278961182e-01
1.369670629501342773e-01
3.305669873952865601e-02
-5.220306515693664551e-01
4.104117751121520996e-01
1.859777867794036865e-01
-1.751850359141826630e-02
3.508752211928367615e-02
6.295944750308990479e-02
-8.869166485965251923e-03
8.684775233268737793e-02
-2.735073119401931763e-02
-2.998740971088409424e-01
1.073302999138832092e-01
-8.928292244672775269e-02
1.485875546932220459e-01
6.282767057418823242e-01
1.853131800889968872e-01
1.150694712996482849e-01
-5.515939369797706604e-02
1.229850351810455322e-01
-1.537715177983045578e-02
-1.670672185719013214e-02
1.183755993843078613e-01
1.346408855170011520e-02
-6.849152967333793640e-03
7.694328576326370239e-02
7.746277377009391785e-03
2.127749323844909668e-01
-3.691436350345611572e-02
-5.964168533682823181e-02
7.620497141033411026e-03
1.087290570139884949e-01
9.513239562511444092e-02
2.171070873737335205e-02
3.399876356124877930e-01
4.526818916201591492e-02
-8.527631312608718872e-02
4.523079097270965576e-02
6.923618912696838379e-02
2.778195776045322418e-02
1.007474306970834732e-02
4.581991732120513916e-01
6.890219449996948242e-02
4.525155946612358093e-02
-1.681822985410690308e-01
-7.042849063873291016e-02
1.505727320909500122e-01
5.614126101136207581e-02
2.049951702356338501e-01
7.168062031269073486e-02
-3.542311862111091614e-02
1.152424514293670654e-01
-4.426205530762672424e-03
-1.008160710334777832e-01
-1.265751719474792480e-01
1.037652976810932159e-02
3.244369328022003174e-01
2.480566948652267456e-01
4.299376904964447021e-02
6.930655241012573242e-02
2.367175966501235962e-01
8.006969839334487915e-02
-1.573465615510940552e-01
1.685619167983531952e-02
1.287874430418014526e-01
-6.021080911159515381e-02
-1.846973667852580547e-03
9.820536710321903229e-03
3.250615205615758896e-03
9.360638260841369629e-02
2.764088511466979980e-01
7.630649209022521973e-02
4.297632724046707153e-02
-3.283534049987792969e-01
-2.039842680096626282e-02
3.246089816093444824e-02
7.227774858474731445e-01
3.499203622341156006e-01
2.336965315043926239e-02
-1.188009604811668396e-01
-1.922170817852020264e-02
3.360374271869659424e-02
6.849249452352523804e-02
-3.708292171359062195e-02
2.478385111317038536e-03
3.565094619989395142e-02
1.306764036417007446e-01
9.583982080221176147e-02
-2.379675805568695068e-01
-4.510831087827682495e-02
6.810179352760314941e-02
1.876665279269218445e-02
-4.259099662303924561e-01
5.205091089010238647e-02
-2.054003030061721802e-01
-8.701902627944946289e-02
4.071546345949172974e-02
-7.391709834337234497e-02
4.177030920982360840e-02
3.823134116828441620e-03
-5.537866428494453430e-02
-8.342990279197692871e-02
-3.750563040375709534e-02
6.809155642986297607e-02
-1.573868840932846069e-01
-3.270859643816947937e-02
7.846211083233356476e-03
4.402672126889228821e-02
-1.674186065793037415e-02
-2.152022570371627808e-01
-4.920218512415885925e-02
-4.231726005673408508e-02
2.400454580783843994e-01
-2.877891063690185547e-02
-1.527134180068969727e-01
8.697928488254547119e-02
3.911609575152397156e-02
-1.029430180788040161e-01
-1.814673244953155518e-01
1.207318753004074097e-01
3.320793807506561279e-02
-5.476944521069526672e-02
-2.238323539495468140e-01
7.023494690656661987e-02
1.399971246719360352e-01
-1.640125662088394165e-01
5.254631862044334412e-02
-2.764808386564254761e-02
4.773510619997978210e-02
1.541156135499477386e-02
-1.428535878658294678e-01
-7.702906727790832520e-01
2.226602286100387573e-02
-4.603148624300956726e-02
-2.686640073079615831e-04
-1.888469792902469635e-02
-4.290023446083068848e-02
2.008930407464504242e-02
5.344173684716224670e-02
-1.109779998660087585e-01
-9.441995620727539062e-02
8.477067947387695312e-02
1.338511332869529724e-02
-3.173924982547760010e-01
3.201830387115478516e-02
-3.171020373702049255e-02
-3.234220445156097412e-01
2.644596695899963379e-01
9.550090879201889038e-02
4.008383676409721375e-02
6.597825791686773300e-03
2.139411121606826782e-01
-6.424213945865631104e-02
7.630439102649688721e-02
-3.767010569572448730e-02
-2.248048484325408936e-01
-1.509207189083099365e-01
-2.994720451533794403e-02
3.177972733974456787e-01
-1.257091760635375977e-01
6.875301152467727661e-02
-1.837923228740692139e-01
-1.054773181676864624e-01
5.460624694824218750e-01
1.247106716036796570e-01
-1.613149046897888184e-02
2.952491492033004761e-02
5.565087199211120605e-01
-8.046066761016845703e-02
1.116309594362974167e-02
6.572708953171968460e-03
-2.121903747320175171e-02
7.403317838907241821e-02
5.747264251112937927e-03
4.610500112175941467e-02
-1.293468177318572998e-01
1.794299483299255371e-01
9.207762032747268677e-02
-5.465504154562950134e-02
3.520264476537704468e-02
8.148881047964096069e-02
-9.001570940017700195e-02
1.342277824878692627e-01
-1.418487131595611572e-01
-1.692321710288524628e-02
6.584633141756057739e-03
-4.079851508140563965e-02
-9.318586438894271851e-02
1.833232641220092773e-01
-1.058710440993309021e-01
9.320476651191711426e-02
1.916882097721099854e-01
6.600692868232727051e-02
5.653555318713188171e-02
1.174033582210540771e-01
7.344724237918853760e-02
-2.033382654190063477e-02
-1.672987937927246094e-01
-8.071027696132659912e-02
9.112197905778884888e-03
1.197880059480667114e-01
2.540551424026489258e-01
-1.008669659495353699e-02
4.162243604660034180e-01
7.817011326551437378e-02
2.080978453159332275e-02
1.249289661645889282e-01
7.614548504352569580e-02
-4.889780282974243164e-02
1.864109039306640625e-01
3.255681097507476807e-01
-5.308743193745613098e-02
-5.575197935104370117e-02
2.015301734209060669e-01
2.821625173091888428e-01
4.340004548430442810e-02
2.106420323252677917e-02
1.402625888586044312e-01
3.703472763299942017e-02
4.406563565135002136e-02
-2.588983774185180664e-01
-3.204382210969924927e-02
2.074047923088073730e-01
2.115764468908309937e-01
1.060541942715644836e-01
3.893909743055701256e-03
-2.211702801287174225e-02
2.650159969925880432e-02
5.133676901459693909e-02
-2.098526991903781891e-02
2.907046675682067871e-01
-3.631105646491050720e-02
-2.399270795285701752e-02
-4.142255485057830811e-01
3.332344442605972290e-02
8.627423644065856934e-02
3.975554108619689941e-01
-7.782754302024841309e-02
2.302166521549224854e-01
-4.651548713445663452e-02
2.500752508640289307e-01
-9.853390604257583618e-02
-2.312836237251758575e-02
-5.972768738865852356e-02
-6.460889428853988647e-02
1.661057583987712860e-02
2.247910797595977783e-01
1.115850433707237244e-01
4.708021413534879684e-03
-4.456877410411834717e-01
2.763521298766136169e-02
5.241326615214347839e-02
3.549418151378631592e-01
1.679427474737167358e-01
5.111705064773559570e-01
-5.532499775290489197e-02
1.536495834589004517e-01
2.966224774718284607e-02
-5.246424916549585760e-05
3.422641009092330933e-02
-4.913013428449630737e-03
2.395033137872815132e-03
-1.640041172504425049e-01
1.170149259269237518e-02
-3.962389007210731506e-02
-2.064281851053237915e-01
-2.535688579082489014e-01
2.696754597127437592e-02
-4.804081320762634277e-01
4.905847609043121338e-01
1.637569814920425415e-01
-1.815450564026832581e-02
2.511643990874290466e-02
-8.288778364658355713e-02
-1.050076857209205627e-01
4.928872361779212952e-02
-2.182677015662193298e-02
-4.678087309002876282e-02
-1.187143996357917786e-01
-4.163183644413948059e-02
-7.341080904006958008e-02
-2.585767209529876709e-01
-8.367566019296646118e-02
1.256265304982662201e-02
-4.271648079156875610e-02
-1.486835777759552002e-01
-7.751596719026565552e-02
-5.464777722954750061e-02
8.761593699455261230e-02
1.242582499980926514e-01
-1.934636086225509644e-01
-3.895855695009231567e-02
4.294113069772720337e-02
-3.279258683323860168e-02
-1.645821630954742432e-01
3.862937167286872864e-02
-5.956681910902261734e-03
-1.099184304475784302e-01
3.592474162578582764e-01
5.355610698461532593e-02
-5.738458782434463501e-02
-1.638794094324111938e-01
-7.908322662115097046e-02
1.153707411140203476e-02
-7.136870175600051880e-02
9.769272804260253906e-02
2.651388347148895264e-01
5.915078800171613693e-03
4.188919439911842346e-02
-4.759382829070091248e-02
1.463905274868011475e-01
-9.248192310333251953e-01
-6.762358546257019043e-02
-3.291992004960775375e-03
-1.853367239236831665e-01
-2.580959200859069824e-01
-5.454451590776443481e-02
-2.215247042477130890e-02
3.550594747066497803e-01
1.284902449697256088e-02
2.317948266863822937e-02
-2.755739390850067139e-01
-1.948664933443069458e-01
2.389421463012695312e-01
9.125174582004547119e-02
1.639413274824619293e-02
-6.416537612676620483e-02
2.894469536840915680e-02
-5.425627157092094421e-02
7.572524249553680420e-02
-5.993662774562835693e-02
-3.845025300979614258e-01
-1.767899841070175171e-01
8.299118489958345890e-04
-3.491739556193351746e-02
-2.286541908979415894e-01
-8.087959140539169312e-03
-1.295614391565322876e-01
-5.943251401185989380e-02
-2.064273133873939514e-02
3.920375183224678040e-02
-2.351645752787590027e-02
6.059589236974716187e-02
1.028924509882926941e-01
1.618689745664596558e-01
8.088175207376480103e-02
-9.378363937139511108e-02
-7.857597619295120239e-02
6.103830412030220032e-03
1.064419746398925781e-02
5.348823592066764832e-02
-1.883888542652130127e-01
4.720715340226888657e-03
1.304188817739486694e-01
7.109553366899490356e-02
-5.029295757412910461e-02
7.056700438261032104e-02
-2.372737675905227661e-01
1.786227226257324219e-01
6.598974466323852539e-01
9.470235672779381275e-04
-1.132666692137718201e-01
-1.685828864574432373e-01
3.546438515186309814e-01
1.309423446655273438e-01
1.133325858972966671e-03
4.472607281059026718e-03
-9.143634885549545288e-02
3.093668958172202110e-03
2.867797911167144775e-01
1.064573749899864197e-01
-1.007560361176729202e-02
7.192851603031158447e-02
-7.167149782180786133e-01
4.310030341148376465e-01
1.342749297618865967e-01
-2.150065638124942780e-02
-1.168849393725395203e-01
-1.676422655582427979e-01
1.865138560533523560e-01
1.150004267692565918e-01
-4.975372925400733948e-02
-9.052315726876258850e-03
3.318003714084625244e-01
-6.550046801567077637e-02
1.044507548213005066e-01
5.182208120822906494e-02
3.079297952353954315e-02
-1.646921783685684204e-02
-5.166430473327636719e-01
1.462751030921936035e-01
5.159297585487365723e-02
-1.303587667644023895e-02
-5.100133419036865234e-01
-3.393957614898681641e-01
3.321468830108642578e-02
-2.505210041999816895e-01
2.240674756467342377e-02
8.604478091001510620e-02
7.443076372146606445e-02
9.573864936828613281e-02
3.727851435542106628e-02
1.280836109071969986e-02
-6.736022979021072388e-02
-1.669549494981765747e-01
-6.478375792503356934e-01
-2.293497174978256226e-01
9.651066362857818604e-02
5.310473591089248657e-02
-5.191726088523864746e-01
-3.470268547534942627e-01
1.350471656769514084e-02
4.379848837852478027e-01
-1.965107619762420654e-01
9.027469158172607422e-02
1.109117493033409119e-01
7.310632616281509399e-02
-1.439596116542816162e-01
1.606232374906539917e-01
-1.248075626790523529e-03
4.093107581138610840e-02
-7.437838912010192871e-01
-8.378740400075912476e-02
2.356027066707611084e-01
-8.640208840370178223e-02
6.515198945999145508e-02
-1.203763186931610107e-01
4.773826804012060165e-03
1.680996417999267578e-01
1.346960570663213730e-02
3.807561472058296204e-02
-5.728957429528236389e-02
3.911942839622497559e-01
-1.117543578147888184e-01
-8.664874732494354248e-02
-2.634259313344955444e-02
5.038651451468467712e-02
-1.086040139198303223e+00
-2.569334208965301514e-01
5.226504057645797729e-02
9.865563362836837769e-02
6.006141752004623413e-02
1.217134818434715271e-01
6.959558278322219849e-02
-4.664584100246429443e-01
5.346934795379638672e-01
2.538010179996490479e-01
9.122840315103530884e-02
1.449168622493743896e-01
3.666440397500991821e-02
2.029003053903579712e-01
-1.424185931682586670e-01
-6.268842518329620361e-02
-6.996573805809020996e-01
-2.700249254703521729e-01
-3.488364070653915405e-02
-5.797651037573814392e-02
1.832853704690933228e-01
4.546142518520355225e-01
7.755221426486968994e-02
1.320338105870177969e-05
-3.293538838624954224e-02
7.227119058370590210e-02
-4.779160022735595703e-02
-9.853232651948928833e-02
5.627601593732833862e-02
-1.986737102270126343e-01
-3.209134191274642944e-02
1.317631155252456665e-01
-6.791393160820007324e-01
-4.711799323558807373e-01
1.084994673728942871e-01
5.058074370026588440e-03
4.448895156383514404e-02
1.093952283263206482e-01
-4.240020178258419037e-03
1.665620319545269012e-02
-3.186260759830474854e-01
-2.590032853186130524e-02
-3.629770874977111816e-02
9.651511162519454956e-02
3.711267709732055664e-01
-2.303617149591445923e-01
4.777317866683006287e-02
-1.290140897035598755e-01
-5.910086631774902344e-02
1.374266594648361206e-01
-8.404411375522613525e-02
-6.227538362145423889e-02
-1.396639272570610046e-02
7.449439261108636856e-03
-7.201294898986816406e-01
-1.974220871925354004e-01
2.527507208287715912e-02
2.285762578248977661e-01
-1.336809098720550537e-01
-3.143384680151939392e-02
-8.658642768859863281e-01
-1.425893306732177734e-01
-1.055999025702476501e-01
3.452631086111068726e-02
-1.390792280435562134e-01
8.746701292693614960e-03
-1.385901719331741333e-01
4.307238012552261353e-02
1.398055702447891235e-01
1.410290878266096115e-02
-3.653738498687744141e-01
-2.265549898147583008e-01
2.246188698336482048e-03
-9.637095779180526733e-02
-3.856551349163055420e-01
8.272355049848556519e-02
-5.296398699283599854e-02
3.627254366874694824e-01
-1.626730710268020630e-01
3.123687207698822021e-02
-1.865881681442260742e-02
2.369044274091720581e-01
-1.177847608923912048e-01
2.138322405517101288e-02
-1.842826008796691895e-01
-1.265234351158142090e-01
-9.819395840167999268e-02
-3.709452459588646889e-03
2.106581814587116241e-02
7.227814197540283203e-02
-4.808839410543441772e-02
-8.607782423496246338e-02
2.429061233997344971e-01
-9.864000976085662842e-02
-5.343792960047721863e-02
-9.234498441219329834e-02
1.813632696866989136e-01
8.971902728080749512e-02
-7.781029492616653442e-02
5.711387470364570618e-02
1.656592488288879395e+00
-8.434630185365676880e-02
1.949879378080368042e-01
5.918776243925094604e-02
-4.044529516249895096e-03
-3.364047035574913025e-02
6.913451012223958969e-03
4.598221555352210999e-02
5.542948246002197266e-01
8.878351747989654541e-02
-3.891704231500625610e-02
-1.801695302128791809e-02
-1.984816975891590118e-02
-1.744043081998825073e-01
1.473030000925064087e-01
3.989895805716514587e-02
7.092485670000314713e-03
-1.161255389451980591e-01
-6.460092961788177490e-02
5.802956875413656235e-03
-4.134257510304450989e-02
-2.193983411416411400e-03
6.828817725181579590e-02
1.306692957878112793e-01
4.223272949457168579e-02
5.767809972167015076e-02
-2.245431579649448395e-02
-1.154252514243125916e-01
-1.547028869390487671e-01
-2.587120831012725830e-01
2.124171555042266846e-01
6.085318326950073242e-02
-7.641797512769699097e-02
-1.506115645170211792e-01
2.296121045947074890e-02
-2.137219905853271484e-01
-6.779850460588932037e-03
1.580089628696441650e-01
5.802265927195549011e-02
6.954977661371231079e-02
3.971606120467185974e-02
-3.483678773045539856e-02
-5.623254552483558655e-02
1.923214644193649292e-02
-3.558057248592376709e-01
-2.672768831253051758e-01
2.987532913684844971e-01
4.945389926433563232e-02
-3.129976093769073486e-01
1.084011048078536987e-01
-3.382929787039756775e-02
2.973992824554443359e-01
-8.805582672357559204e-02
7.271242886781692505e-02
9.586592763662338257e-02
-4.244377091526985168e-02
-2.581525146961212158e-01
-5.482115969061851501e-02
-7.442612946033477783e-02
-1.121761426329612732e-01
-1.279253363609313965e-01
-4.094557762145996094e-01
2.509283423423767090e-01
2.178404480218887329e-03
9.415967017412185669e-02
2.807279825210571289e-01
2.346201986074447632e-02
1.848699152469635010e-01
-4.131960496306419373e-02
-1.473912149667739868e-01
1.257458627223968506e-01
1.895330697298049927e-01
-3.143926262855529785e-01
-6.838376820087432861e-02
1.175960060209035873e-02
-5.409912765026092529e-02
-3.174391686916351318e-01
-1.470581591129302979e-01
1.142946034669876099e-01
1.071288958191871643e-01
-6.201755627989768982e-02
2.805466651916503906e-01
-7.292552292346954346e-02
-3.003532290458679199e-01
2.554001808166503906e-01
9.867930412292480469e-02
-2.428667619824409485e-03
9.699263423681259155e-02
1.074532121419906616e-01
-1.776535511016845703e-01
1.863521896302700043e-02
-3.845658851787447929e-03
8.836918324232101440e-02
-2.584297955036163330e-01
8.408013731241226196e-02
-7.604457437992095947e-02
4.503611475229263306e-02
-1.200349777936935425e-01
8.203590661287307739e-02
-1.646595150232315063e-01
1.151336356997489929e-01
7.938643544912338257e-02
2.965564839541912079e-02
1.213320419192314148e-01
1.877738907933235168e-02
-3.252369165420532227e-01
3.598990663886070251e-02
1.429190393537282944e-02
1.166302338242530823e-01
-3.506296277046203613e-01
1.603860557079315186e-01
1.921576261520385742e-02
6.018321029841899872e-03
1.303121447563171387e-01
-6.917726248502731323e-02
2.948425114154815674e-01
-2.049622982740402222e-01
9.341516345739364624e-02
9.680688381195068359e-02
9.332878142595291138e-02
-1.383862793445587158e-01
-3.071176111698150635e-01
7.291551679372787476e-02
-8.991796523332595825e-02
-5.582974106073379517e-02
3.134971261024475098e-01
-1.596935540437698364e-01
-9.679694473743438721e-02
2.731314487755298615e-02
2.795664370059967041e-01
-5.216088891029357910e-01
-2.557482421398162842e-01
2.943479456007480621e-02
-6.169854477047920227e-02
-9.533726423978805542e-02
-8.510366082191467285e-02
-5.231894254684448242e-01
1.940953582525253296e-01
-5.949877202510833740e-03
8.347564190626144409e-02
7.405090332031250000e-02
6.414321064949035645e-02
-3.244184255599975586e-01
1.074426695704460144e-01
-1.213779821991920471e-01
1.480835974216461182e-01
-1.709260195493698120e-01
-2.077342420816421509e-01
-6.864400953054428101e-02
-4.928295686841011047e-02
-5.061316862702369690e-02
1.033713761717081070e-02
-3.291983306407928467e-01
-1.082712262868881226e-01
-4.057945683598518372e-03
3.091688267886638641e-03
-3.646895661950111389e-02
6.344894319772720337e-02
-1.866772919893264771e-01
-1.340953051112592220e-03
8.794163167476654053e-02
1.572876721620559692e-01
-1.037769019603729248e-01
1.483828574419021606e-01
2.517477795481681824e-02
2.602511271834373474e-02
7.306161522865295410e-02
5.254117399454116821e-02
4.452428594231605530e-02
4.207225516438484192e-02
9.420859627425670624e-03
3.132314607501029968e-02
-6.142290681600570679e-02
-2.900301218032836914e-01
-1.870964765548706055e-01
-2.714811637997627258e-02
1.584205478429794312e-01
4.802086949348449707e-01
3.862162679433822632e-02
1.640819013118743896e-01
2.178050950169563293e-02
-3.136232495307922363e-02
3.747477009892463684e-02
2.477152086794376373e-02
4.728847742080688477e-01
1.284784972667694092e-01
3.927325457334518433e-02
2.024637907743453979e-02
-5.730478465557098389e-02
-3.885302841663360596e-01
-2.131062299013137817e-01
-3.655731305480003357e-02
8.574660122394561768e-02
6.637576818466186523e-01
-1.080528274178504944e-02
1.258905045688152313e-02
-2.860119193792343140e-02
6.685376167297363281e-02
-1.697947084903717041e-02
2.909883670508861542e-02
1.212158724665641785e-01
4.144255071878433228e-02
3.520870208740234375e-02
-4.165640100836753845e-02
-7.161643356084823608e-03
-3.564906716346740723e-01
-1.906268149614334106e-01
4.043483361601829529e-02
-6.636985391378402710e-02
1.700910776853561401e-01
-2.245528012281283736e-04
-1.703356653451919556e-01
-4.327269643545150757e-02
8.136770874261856079e-02
1.467382255941629410e-02
4.074949771165847778e-02
1.336710900068283081e-02
1.360416859388351440e-01
4.375982284545898438e-02
-1.553903967142105103e-01
-7.837902754545211792e-02
-5.838482379913330078e-01
-6.882942467927932739e-02
-2.727472409605979919e-02
-1.356578320264816284e-01
1.172975301742553711e-01
-5.249134823679924011e-02
2.771528661251068115e-01
-1.543806493282318115e-02
4.848331958055496216e-02
3.373417258262634277e-02
1.052754297852516174e-01
-5.592215657234191895e-01
-4.776832181960344315e-03
6.224295869469642639e-02
2.943322062492370605e-02
5.470148101449012756e-02
-1.917824298143386841e-01
-5.644210055470466614e-02
-4.618079960346221924e-02
3.323704749345779419e-02
-4.729831963777542114e-02
3.217767924070358276e-02
2.886417508125305176e-01
-3.238917142152786255e-02
1.932688057422637939e-02
3.541232272982597351e-02
-3.805726766586303711e-02
-3.949693143367767334e-01
9.660510718822479248e-02
7.427775859832763672e-02
-3.808383829891681671e-03
1.754421368241310120e-02
2.911659479141235352e-01
-1.050028353929519653e-01
7.030639052391052246e-02
-1.703122979961335659e-03
-9.392371773719787598e-02
-4.165463894605636597e-02
-2.595796287059783936e-01
8.023659884929656982e-02
1.655440330505371094e-01
8.418174088001251221e-02
2.538467384874820709e-02
4.368314146995544434e-02
-5.411261320114135742e-02
-1.364176347851753235e-02
-8.923491835594177246e-02
1.403890848159790039e-01
7.518223952502012253e-03
1.345642358064651489e-01
4.530967026948928833e-02
2.668408304452896118e-02
-6.131912395358085632e-02
1.186393946409225464e-02
-2.821913063526153564e-01
-2.103182673454284668e-02
-2.430515438318252563e-01
1.494316011667251587e-01
1.268824562430381775e-02
1.382902860641479492e-01
9.572184085845947266e-02
8.071774989366531372e-02
-6.264610588550567627e-02
-1.073877438902854919e-01
1.698775291442871094e-01
-2.051147818565368652e-01
-8.479364914819598198e-04
2.200261689722537994e-02
2.137603759765625000e-01
4.970682784914970398e-02
3.501082956790924072e-01
-7.409428060054779053e-02
7.614522427320480347e-02
1.060946807265281677e-01
4.558322951197624207e-02
1.350841373205184937e-01
9.265173673629760742e-01
-2.535570561885833740e-01
-6.981199979782104492e-02
1.234179809689521790e-01
-7.059051990509033203e-01
2.185506187379360199e-02
8.213103562593460083e-02
3.679813444614410400e-02
3.343699276447296143e-01
-1.679418563842773438e+00
-3.486461341381072998e-01
8.701073238626122475e-04
1.705548018217086792e-01
-4.656360149383544922e-01
-2.003482542932033539e-02
-4.493087232112884521e-01
8.095374703407287598e-02
4.990376532077789307e-02
-1.956921629607677460e-02
-3.511722758412361145e-02
-1.670920848846435547e-01
-1.130119152367115021e-02
-2.882155822589993477e-03
1.954318881034851074e-01
-1.459873616695404053e-01
-7.334232330322265625e-01
-3.411633372306823730e-01
1.501098554581403732e-02
-7.385234814137220383e-03
-5.325320363044738770e-02
6.093784794211387634e-02
-7.780846357345581055e-01
-7.998508960008621216e-02
3.024173527956008911e-02
-8.239117264747619629e-02
-1.395614258944988251e-02
-5.973609685897827148e-01
-1.294392049312591553e-01
1.161103695631027222e-02
2.001008391380310059e-01
3.681641817092895508e-02
3.054585158824920654e-01
-8.754831552505493164e-02
-4.770234972238540649e-02
5.484262853860855103e-02
-6.666730344295501709e-02
3.134908527135848999e-02
-5.501594543457031250e-01
2.217170894145965576e-01
-1.441411557607352734e-03
-1.270814239978790283e-01
1.214341223239898682e-01
-9.167819619178771973e-01
-1.107251420617103577e-01
-2.338276058435440063e-02
-2.224877774715423584e-01
-1.510348170995712280e-01
1.194212958216667175e-01
5.712416023015975952e-03
-5.366821959614753723e-02
-2.436251752078533173e-02
1.273462474346160889e-01
6.659799721091985703e-03
-8.094266653060913086e-01
3.791645914316177368e-02
-2.806562371551990509e-02
-5.608037486672401428e-02
-3.795188665390014648e-02
-7.624394297599792480e-01
-2.501190900802612305e-01
2.539648674428462982e-02
-4.195277765393257141e-02
-1.478770077228546143e-01
-3.809577971696853638e-02
-1.130566745996475220e-01
1.787654124200344086e-02
1.886037290096282959e-01
2.263619750738143921e-02
2.263995073735713959e-02
-4.346239864826202393e-01
-1.908623576164245605e-01
-4.706284776329994202e-02
-5.999148264527320862e-02
5.390916764736175537e-02
-7.284933924674987793e-01
-4.268306493759155273e-01
-8.560187416151165962e-04
-1.622262597084045410e-01
-5.198616161942481995e-02
8.638671785593032837e-02
-7.168465107679367065e-02
-3.869152441620826721e-02
6.236191093921661377e-02
3.053037077188491821e-02
6.173257716000080109e-03
-5.413762331008911133e-01
4.041178524494171143e-02
1.380839105695486069e-02
2.486706711351871490e-02
-2.136975154280662537e-02
-5.161682963371276855e-01
-1.930562108755111694e-01
5.260393023490905762e-02
-1.538121141493320465e-02
-4.437712952494621277e-02
-5.469540879130363464e-02
2.111283987760543823e-01
-1.055494882166385651e-02
9.379726648330688477e-02
1.072961613535881042e-01
2.798561006784439087e-02
-5.352100133895874023e-01
-2.494330108165740967e-01
-4.409759864211082458e-02
-1.319683045148849487e-01
-8.362683653831481934e-02
-3.866484165191650391e-01
-5.338276624679565430e-01
9.482858702540397644e-03
3.089700266718864441e-02
6.926228851079940796e-02
8.898177742958068848e-02
4.173396527767181396e-01
-5.342036858201026917e-02
2.202404197305440903e-03
1.575852930545806885e-01
1.813774555921554565e-02
1.206896379590034485e-01
-8.410650305449962616e-03
5.967258661985397339e-02
3.740246221423149109e-02
1.178655922412872314e-01
-1.701090037822723389e-01
-4.031943380832672119e-01
1.370958834886550903e-01
-1.259674318134784698e-02
7.392645627260208130e-02
-4.668416455388069153e-02
1.729274541139602661e-01
2.682673220988363028e-05
1.486051827669143677e-01
8.636600524187088013e-02
-1.928119733929634094e-02
-1.632300317287445068e-01
-2.021495252847671509e-01
-4.590246081352233887e-02
-5.339013412594795227e-02
1.119939386844635010e-01
-2.333097606897354126e-01
-3.090413808822631836e-01
-3.014716878533363342e-02
-8.691702969372272491e-03
-1.564488559961318970e-02
3.044599667191505432e-02
-3.544310927391052246e-01
3.003880381584167480e-01
-4.069040995091199875e-03
-6.247118487954139709e-02
-2.024961821734905243e-02
-3.173016011714935303e-01
-2.440453916788101196e-01
8.974863588809967041e-02
1.035947650671005249e-01
-3.541228547692298889e-02
-2.630296647548675537e-01
-4.743021726608276367e-01
2.454888634383678436e-02
1.215602830052375793e-01
-9.346891939640045166e-02
-2.044348232448101044e-02
2.863658070564270020e-01
7.580782286822795868e-03
2.574904449284076691e-02
2.179953157901763916e-01
8.620947599411010742e-02
-5.832502245903015137e-01
-1.632054805755615234e+00
-7.184014916419982910e-01
-3.433648943901062012e-01
-7.530604600906372070e-01
-1.229021668434143066e+00
-1.138259887695312500e+00
-1.032119989395141602e+00
-2.305563688278198242e+00
-1.572375178337097168e+00
-1.360676169395446777e+00
-1.644369602203369141e+00
-8.745892047882080078e-01
-3.563358783721923828e+00
-1.813758015632629395e+00
-2.243094444274902344e+00
-1.250849198549985886e-02
-1.178945042192935944e-02
-1.295894756913185120e-02
-1.765161752700805664e-02
-2.411077916622161865e-02
-3.024604916572570801e-02
-3.785226866602897644e-02
-4.925652965903282166e-02
-5.768110975623130798e-02
-4.929148033261299133e-02
-4.001411423087120056e-02
-1.080539543181657791e-02
-1.505315303802490234e-02
-1.932576671242713928e-02
-2.017960324883460999e-02
1.171510294079780579e-02
1.742907762527465820e-01
3.594098091125488281e-01
1.942439228296279907e-01
-4.856837168335914612e-02
-5.795709788799285889e-02
-4.005650430917739868e-02
-8.050131611526012421e-03
-1.102453563362360001e-02
-1.418538112193346024e-02
-1.817195443436503410e-03
7.375143468379974365e-02
2.727338075637817383e-01
3.923658728599548340e-01
2.993869185447692871e-01
-5.176929756999015808e-03
-4.887108877301216125e-02
-2.485355362296104431e-02
-1.079341163858771324e-03
-2.631157636642456055e-03
-1.038342597894370556e-03
1.469844672828912735e-02
9.222353994846343994e-02
2.599651813507080078e-01
3.287638723850250244e-01
2.484561055898666382e-01
1.760626910254359245e-03
-2.780965156853199005e-02
-1.656456850469112396e-02
7.973496103659272194e-04
-1.054839463904500008e-03
4.570660181343555450e-03
2.075826749205589294e-02
1.028458103537559509e-01
2.359855920076370239e-01
2.708561122417449951e-01
1.671936810016632080e-01
7.390318205580115318e-05
-1.275187544524669647e-02
-1.111407391726970673e-02
-3.975285682827234268e-03
-2.591585740447044373e-03
5.388102494180202484e-03
2.317501977086067200e-02
1.056639328598976135e-01
1.909731477499008179e-01
2.035836577415466309e-01
1.095023006200790405e-01
7.987534627318382263e-03
-3.642953699454665184e-03
-5.665458738803863525e-03
-3.059342270717024803e-03
-9.181296918541193008e-04
4.745664045913144946e-05
2.712777629494667053e-02
9.125727415084838867e-02
1.445138752460479736e-01
1.442821174860000610e-01
7.851177453994750977e-02
1.103600207716226578e-02
-1.735653379000723362e-03
-2.943856408819556236e-03
-1.065811840817332268e-03
-5.889217369258403778e-03
-2.557246480137109756e-03
3.365024179220199585e-02
7.271539419889450073e-02
1.097249686717987061e-01
1.068975552916526794e-01
6.207173690199851990e-02
1.251010037958621979e-02
1.137183629907667637e-03
-5.861836834810674191e-04
-2.730191452428698540e-03
-8.050017990171909332e-03
5.081469193100929260e-03
3.573509678244590759e-02
5.891978740692138672e-02
8.166313171386718750e-02
8.434709161520004272e-02
5.665093287825584412e-02
1.552824396640062332e-02
3.294368740171194077e-03
1.901589450426399708e-03
-3.486822126433253288e-03
-2.368126995861530304e-03
1.413267664611339569e-02
3.372691199183464050e-02
4.542870819568634033e-02
5.672502145171165466e-02
6.475789099931716919e-02
4.890529811382293701e-02
2.024358324706554413e-02
5.743169225752353668e-03
3.459081286564469337e-03
-3.474705386906862259e-03
3.264796920120716095e-03
1.958265341818332672e-02
3.175683319568634033e-02
3.433750569820404053e-02
3.920333832502365112e-02
4.469370841979980469e-02
3.778702393174171448e-02
1.861931383609771729e-02
4.308134317398071289e-03
3.598559647798538208e-03
-7.939866743981838226e-03
-9.547157213091850281e-03
-5.249871406704187393e-03
-2.388645894825458527e-03
1.378230284899473190e-02
2.017356641590595245e-02
6.079380214214324951e-02
8.751843869686126709e-02
6.157546490430831909e-02
6.579259783029556274e-02
7.574895024299621582e-02
-5.120479501783847809e-03
-4.804855678230524063e-03
4.372862633317708969e-03
1.463213562965393066e-02
3.501127660274505615e-02
5.497946962714195251e-02
1.122663021087646484e-01
1.142761260271072388e-01
7.946281880140304565e-02
5.951093882322311401e-02
-1.048800908029079437e-02
-6.641122046858072281e-03
-5.146740935742855072e-03
5.354449618607759476e-03
1.687560230493545532e-02
3.748308494687080383e-02
1.039330288767814636e-01
1.646139919757843018e-01
1.361844092607498169e-01
8.337946981191635132e-02
-2.127483300864696503e-02
-4.719053208827972412e-02
-6.400121375918388367e-03
-3.219576785340905190e-03
3.935827407985925674e-03
2.202483266592025757e-02
6.657168269157409668e-02
1.770866215229034424e-01
2.055226266384124756e-01
1.230066493153572083e-01
-1.470221392810344696e-02
-4.659977927803993225e-02
-2.471542544662952423e-02
-7.009396329522132874e-03
-5.344424396753311157e-03
3.611028427258133888e-03
2.820109762251377106e-02
1.278461068868637085e-01
2.413714677095413208e-01
2.133085280656814575e-01
1.872319355607032776e-02
-5.400209501385688782e-02
-3.597227856516838074e-02
-2.412662468850612640e-02
-7.980823516845703125e-03
-4.580634180456399918e-03
6.417540833353996277e-03
5.716185271739959717e-02
1.977090537548065186e-01
2.683891654014587402e-01
1.325231790542602539e-01
-6.475688517093658447e-02
-4.380854591727256775e-02
-2.934571169316768646e-02
-1.501752156764268875e-02
-8.781182579696178436e-03
-3.418347798287868500e-03
1.302496343851089478e-02
1.097353398799896240e-01
2.359252423048019409e-01
2.666038870811462402e-01
3.149163722991943359e-02
-6.124112010002136230e-02
-3.731208294630050659e-02
-2.436649054288864136e-02
-7.553673349320888519e-03
-9.059828706085681915e-03
-7.018771138973534107e-04
3.116841614246368408e-02
1.560477316379547119e-01
2.360590249300003052e-01
2.341518700122833252e-01
-3.807178465649485588e-03
-4.801616072654724121e-02
-3.618411347270011902e-02
-2.808381430804729462e-02
-1.112527493387460709e-02
-9.472942911088466644e-03
3.790623974055051804e-03
5.493904277682304382e-02
1.634976416826248169e-01
2.050423920154571533e-01
1.698949933052062988e-01
-1.378922461299225688e-04
-3.422071412205696106e-02
-3.175147250294685364e-02
-2.735977247357368469e-02
-1.294514071196317673e-02
-8.135702461004257202e-03
1.188157778233289719e-02
6.648455560207366943e-02
1.338033080101013184e-01
1.520804464817047119e-01
1.179994717240333557e-01
4.659289959818124771e-03
-2.688586153090000153e-02
-2.014593966305255890e-02
-9.662517346441745758e-03
8.010143414139747620e-03
-7.698925212025642395e-03
1.476401742547750473e-02
6.667726486921310425e-02
9.220828115940093994e-02
1.027988716959953308e-01
7.594417780637741089e-02
2.290264237672090530e-03
-2.177778631448745728e-02
-9.547566063702106476e-03
8.103934116661548615e-03
2.210629731416702271e-02
1.303927134722471237e-02
1.013812702149152756e-02
1.679727621376514435e-02
1.492962334305047989e-02
1.300985366106033325e-02
6.980775855481624603e-03
3.883084515109658241e-03
6.395679898560047150e-03
1.413407735526561737e-02
2.205451950430870056e-02
7.275789510458707809e-03
1.249248255044221878e-02
8.802598342299461365e-03
1.739238016307353973e-02
1.737643592059612274e-02
1.414806954562664032e-02
1.097226701676845551e-02
6.317663937807083130e-03
5.839178338646888733e-03
2.204280905425548553e-02
4.995918646454811096e-02
4.479556158185005188e-02
4.919934086501598358e-03
4.084586165845394135e-03
1.117664575576782227e-02
6.337192840874195099e-03
1.083197887055575848e-03
1.415010337950661778e-04
-2.680519595742225647e-03
1.051093731075525284e-02
6.046664342284202576e-02
1.068200021982192993e-01
7.062464952468872070e-02
5.479214014485478401e-04
6.971934926696121693e-04
6.447496358305215836e-03
-9.306770516559481621e-04
-7.673297077417373657e-03
-4.433135967701673508e-03
1.659961789846420288e-02
8.733374625444412231e-02
1.789358854293823242e-01
1.822269558906555176e-01
4.057237878441810608e-02
6.236874032765626907e-03
8.179275318980216980e-03
7.755606435239315033e-03
4.248794633895158768e-03
1.664451695978641510e-02
5.369011685252189636e-02
1.397604942321777344e-01
2.350546866655349731e-01
2.917601764202117920e-01
1.675478219985961914e-01
-2.300242520868778229e-02
1.152813062071800232e-02
1.036009658128023148e-02
2.383773401379585266e-02
5.811074003577232361e-02
1.203698292374610901e-01
1.984803527593612671e-01
2.623067498207092285e-01
2.917897403240203857e-01
2.202235460281372070e-01
2.008755505084991455e-02
-3.335894271731376648e-02
2.674544975161552429e-02
3.630937263369560242e-02
8.286008983850479126e-02
1.470394730567932129e-01
2.133480310440063477e-01
2.610583901405334473e-01
2.531423270702362061e-01
1.269325017929077148e-01
-9.530127048492431641e-03
-4.379596933722496033e-02
-2.473870106041431427e-02
7.132939994335174561e-02
9.581488370895385742e-02
1.434430330991744995e-01
1.891240179538726807e-01
1.873453557491302490e-01
1.102862954139709473e-01
-1.388333551585674286e-02
-6.418357044458389282e-02
-5.073826760053634644e-02
-3.053135052323341370e-02
-1.291182264685630798e-02
6.355693191289901733e-02
6.778708845376968384e-02
5.647247284650802612e-02
2.803188748657703400e-02
-1.314464583992958069e-02
-5.168928205966949463e-02
-5.173353478312492371e-02
-3.513545542955398560e-02
-2.347229048609733582e-02
-1.415312383323907852e-02
-6.821659859269857407e-03
2.405585953965783119e-03
7.245482993312180042e-04
-9.063324891030788422e-03
-1.454885117709636688e-02
-1.800425350666046143e-02
-2.273012511432170868e-02
-1.969221420586109161e-02
-1.499434001743793488e-02
-1.251557562500238419e-02
-8.154470473527908325e-03
-4.846162628382444382e-03
-5.240541417151689529e-03
-3.536763833835721016e-03
-6.922565400600433350e-03
-1.111964602023363113e-02
-1.387743651866912842e-02
-1.286832615733146667e-02
-1.081966515630483627e-02
-9.058707393705844879e-03
-8.143224753439426422e-03
-5.596194881945848465e-03
-3.729901742190122604e-03
4.878785926848649979e-03
-7.007865933701395988e-04
-4.058422986418008804e-03
-8.814782835543155670e-03
-1.137485913932323456e-02
-7.288131862878799438e-03
7.786311907693743706e-04
1.355805667117238045e-03
1.651492528617382050e-02
4.727654904127120972e-02
3.912203386425971985e-02
4.281141329556703568e-03
-9.222693042829632759e-04
-3.992346115410327911e-03
-8.604691363871097565e-03
-1.444704085588455200e-02
-1.027407310903072357e-02
5.148597992956638336e-03
1.509756781160831451e-02
4.537824168801307678e-02
7.369142770767211914e-02
4.469199106097221375e-02
5.732091609388589859e-03
-7.243024301715195179e-04
-3.541721496731042862e-03
-7.033732719719409943e-03
-1.056723576039075851e-02
-9.307498112320899963e-03
1.014798693358898163e-02
3.508658334612846375e-02
8.757243305444717407e-02
9.954634308815002441e-02
5.391393601894378662e-02
9.553529322147369385e-03
8.557340479455888271e-04
-7.223740685731172562e-04
-3.233887022361159325e-03
-8.040541782975196838e-03
-4.901984706521034241e-03
2.415636740624904633e-02
8.250491321086883545e-02
1.443922370672225952e-01
1.332923918962478638e-01
7.576657086610794067e-02
8.135689422488212585e-03
1.005194615572690964e-03
-1.817011390812695026e-03
-2.148381201550364494e-03
-3.020081203430891037e-03
-4.855162929743528366e-03
4.475417733192443848e-02
1.537432223558425903e-01
2.004596292972564697e-01
1.414053738117218018e-01
5.933304131031036377e-02
3.707725321874022484e-03
-2.587399911135435104e-03
-4.877575673162937164e-03
-3.735743230208754539e-03
-4.489226732403039932e-03
-4.377966281026601791e-03
9.898808598518371582e-02
2.314938008785247803e-01
2.263044267892837524e-01
1.008824184536933899e-01
1.477361191064119339e-02
-1.771118404576554894e-04
-5.585038568824529648e-03
-8.166317827999591827e-03
-8.434150367975234985e-03
-9.944468736648559570e-03
1.366707030683755875e-02
2.035777121782302856e-01
2.902132272720336914e-01
2.334540188312530518e-01
4.719297960400581360e-02
-5.084561184048652649e-03
-4.625138361006975174e-03
-9.549638256430625916e-03
-1.358728948980569839e-02
-2.125855535268783569e-02
-2.854542247951030731e-02
5.522680655121803284e-02
3.238027393817901611e-01
3.778027296066284180e-01
2.020243257284164429e-01
-1.218436192721128464e-02
-1.180059742182493210e-02
-5.456112325191497803e-03
-9.156397543847560883e-03
-1.743202842772006989e-02
-3.071652166545391083e-02
-4.613019898533821106e-02
1.759002730250358582e-02
2.781693041324615479e-01
3.133066296577453613e-01
4.002964869141578674e-02
-5.481408163905143738e-02
-2.479136548936367035e-02
-1.008722092956304550e-02
-1.408083830028772354e-02
-2.024143002927303314e-02
-2.678234316408634186e-02
-3.330378979444503784e-02
-3.731141984462738037e-02
-3.910839185118675232e-02
-5.197969451546669006e-02
-6.431960314512252808e-02
-5.596979334950447083e-02
-2.993664704263210297e-02
-8.266059681773185730e-03
-1.122095994651317596e-02
-1.367351133376359940e-02
-1.388010568916797638e-02
-1.443118788301944733e-02
-1.724153943359851837e-02
-1.755402423441410065e-02
-1.601160503923892975e-02
-2.197184599936008453e-02
-2.388634532690048218e-02
-1.438690535724163055e-02
-5.049753235653042793e-04
9.026910178363323212e-03
7.504872512072324753e-03
-3.529372042976319790e-04
-1.970738638192415237e-03
-6.678493809886276722e-04
-6.798146059736609459e-04
5.962684284895658493e-03
5.391363985836505890e-03
7.181412540376186371e-03
1.344963908195495605e-02
3.196111414581537247e-03
5.783814471215009689e-03
-5.656936671584844589e-03
-1.140517089515924454e-02
-1.413871999830007553e-02
-1.339323911815881729e-02
-1.111316587775945663e-02
-4.874456208199262619e-03
-8.284748764708638191e-04
2.718259347602725029e-03
-1.310908410232514143e-04
-2.356397919356822968e-03
-1.299641095101833344e-02
-2.098307758569717407e-02
-1.890125311911106110e-02
-1.885859668254852295e-02
-1.951088756322860718e-02
-1.917690970003604889e-02
-1.148976478725671768e-02
-6.989412475377321243e-03
-7.269288413226604462e-03
-1.090418081730604172e-02
-2.231470681726932526e-02
-2.264620736241340637e-02
-2.198183350265026093e-02
-2.175191789865493774e-02
-2.342838048934936523e-02
-2.542175725102424622e-02
-3.143591433763504028e-02
-2.560706064105033875e-02
-1.169461943209171295e-02
-5.480187945067882538e-03
-1.224732864648103714e-02
-2.561052679084241390e-04
-3.464601701125502586e-03
-8.185358718037605286e-03
-1.182699576020240784e-02
-1.597169786691665649e-02
-1.281927712261676788e-02
-1.935773715376853943e-02
-6.923361681401729584e-03
1.660140976309776306e-02
2.226076647639274597e-02
1.236543431878089905e-02
2.802189812064170837e-02
6.381550431251525879e-02
8.359143882989883423e-02
8.809535205364227295e-02
8.868752419948577881e-02
1.070873960852622986e-01
1.153852194547653198e-01
1.211663410067558289e-01
1.177614480257034302e-01
9.547098726034164429e-02
8.709422498941421509e-02
2.756510488688945770e-02
1.683725863695144653e-01
2.408075034618377686e-01
2.853106260299682617e-01
3.194459378719329834e-01
3.287555873394012451e-01
3.074564933776855469e-01
2.654992640018463135e-01
2.164284586906433105e-01
1.605019420385360718e-01
1.465622037649154663e-01
5.190677940845489502e-03
1.662395000457763672e-01
2.542672455310821533e-01
3.077474832534790039e-01
3.442779481410980225e-01
3.343587219715118408e-01
2.972316145896911621e-01
2.499118298292160034e-01
1.853917986154556274e-01
1.361983418464660645e-01
1.137148961424827576e-01
-1.375419832766056061e-02
3.404878079891204834e-02
5.184685811400413513e-02
4.518540576100349426e-02
4.208298400044441223e-02
3.832346200942993164e-02
4.377968981862068176e-02
5.243680626153945923e-02
4.276438057422637939e-02
2.796973101794719696e-02
1.737825945019721985e-02
-1.196070667356252670e-02
-1.340197585523128510e-02
-2.100447751581668854e-02
-2.357583865523338318e-02
-3.103441186249256134e-02
-2.200458198785781860e-02
-1.066176407039165497e-02
3.780864353757351637e-04
-2.749295206740498543e-03
-8.714108727872371674e-03
-1.762960664927959442e-02
-5.697942338883876801e-03
-6.133303977549076080e-03
-8.187166415154933929e-03
-1.194719225168228149e-02
-1.506631262600421906e-02
-2.928587375208735466e-03
-5.424456670880317688e-03
3.736780025064945221e-03
-9.450298966839909554e-05
-4.414183087646961212e-03
-8.704792708158493042e-03
-5.712928716093301773e-03
-7.337100338190793991e-03
-7.682736963033676147e-03
-8.619056083261966705e-03
-9.114022366702556610e-03
-9.016143158078193665e-03
-8.809086866676807404e-03
-9.288790635764598846e-03
-9.120013564825057983e-03
-6.357291713356971741e-03
-3.377410583198070526e-03
-6.722324062138795853e-03
-8.163738064467906952e-03
-9.576073847711086273e-03
-1.303687132894992828e-02
-1.637070812284946442e-02
-2.009655721485614777e-02
-2.446299977600574493e-02
-1.716070249676704407e-02
9.864634834229946136e-03
3.351049125194549561e-02
4.459576308727264404e-02
-9.191541932523250580e-03
-1.248723920434713364e-02
-2.010909840464591980e-02
-3.453572839498519897e-02
-4.813812673091888428e-02
-3.076533973217010498e-02
4.266434162855148315e-02
1.114215031266212463e-01
1.275849491357803345e-01
1.052097752690315247e-01
7.600834965705871582e-02
-1.912008412182331085e-02
-3.364966809749603271e-02
-5.712753534317016602e-02
-4.020120576024055481e-02
8.601008355617523193e-02
2.387281507253646851e-01
2.651154696941375732e-01
2.114510983228683472e-01
1.464133709669113159e-01
8.688053488731384277e-02
5.176444351673126221e-02
-3.073772042989730835e-02
-5.373534560203552246e-02
8.310382254421710968e-03
2.203079760074615479e-01
2.984264791011810303e-01
2.687399387359619141e-01
2.090472579002380371e-01
1.524035930633544922e-01
9.179010242223739624e-02
4.516813904047012329e-02
2.478836104273796082e-02
-3.085415251553058624e-02
2.023237571120262146e-02
2.249356508255004883e-01
2.905048727989196777e-01
2.414692491292953491e-01
1.661115139722824097e-01
1.067064702510833740e-01
7.471082359552383423e-02
5.042078718543052673e-02
2.728028409183025360e-02
1.633377186954021454e-02
1.980418572202324867e-03
1.666431277990341187e-01
2.623794376850128174e-01
2.195647209882736206e-01
1.116999313235282898e-01
5.701633915305137634e-02
4.896135628223419189e-02
5.131786316633224487e-02
4.264839366078376770e-02
1.883790642023086548e-02
6.147873122245073318e-03
7.760114967823028564e-02
2.092683166265487671e-01
2.090624272823333740e-01
1.192971765995025635e-01
3.114645928144454956e-02
2.937428280711174011e-02
3.734894096851348877e-02
3.923822939395904541e-02
3.044256195425987244e-02
1.146885845810174942e-02
6.454756658058613539e-05
1.174643784761428833e-01
1.762908846139907837e-01
1.407736837863922119e-01
6.650384515523910522e-02
2.664726786315441132e-02
2.659499086439609528e-02
2.437750250101089478e-02
2.051091194152832031e-02
1.070413365960121155e-02
2.533782389946281910e-04
-4.151911009103059769e-03
1.040085405111312866e-01
1.180178299546241760e-01
8.476854115724563599e-02
4.819485917687416077e-02
2.731314115226268768e-02
1.600614376366138458e-02
6.266471929848194122e-03
-1.890164799988269806e-03
-6.919776555150747299e-03
-9.004098363220691681e-03
-5.736319348216056824e-03
6.615633517503738403e-02
5.501550808548927307e-02
3.783416002988815308e-02
2.568769454956054688e-02
2.090995013713836670e-02
9.550770744681358337e-03
1.937213586643338203e-03
-1.970846904441714287e-03
-4.761872347444295883e-03
-2.603243105113506317e-03
1.656085485592484474e-03
-6.084236316382884979e-03
-3.020692849531769753e-03
-5.617627874016761780e-03
-9.961791336536407471e-03
-1.224725507199764252e-02
-1.674310676753520966e-02
-1.882430724799633026e-02
-1.916392706334590912e-02
-2.087153866887092590e-02
-2.142887748777866364e-02
-1.624016836285591125e-02
-2.153353532776236534e-03
2.401355886831879616e-03
-5.874396301805973053e-03
-1.186661608517169952e-02
-1.959297060966491699e-02
-3.528767824172973633e-02
-5.150870606303215027e-02
-5.937520787119865417e-02
-5.345146730542182922e-02
-4.064996913075447083e-02
-2.334761060774326324e-02
4.892435297369956970e-02
8.303879946470260620e-02
1.304552406072616577e-01
1.965747624635696411e-01
2.539392113685607910e-01
2.788950800895690918e-01
2.616334855556488037e-01
1.754118651151657104e-01
3.393586724996566772e-02
-4.229408130049705505e-02
-3.205031529068946838e-02
6.762257218360900879e-02
9.988179802894592285e-02
1.480516791343688965e-01
1.923515647649765015e-01
2.262741178274154663e-01
2.615302503108978271e-01
2.945505380630493164e-01
3.237024843692779541e-01
2.883234918117523193e-01
8.656170964241027832e-02
-3.341323882341384888e-02
3.837998211383819580e-02
6.080049276351928711e-02
9.041091799736022949e-02
1.053704768419265747e-01
1.091732531785964966e-01
1.243428811430931091e-01
1.628709137439727783e-01
2.347617298364639282e-01
3.061948716640472412e-01
2.390733659267425537e-01
2.586274407804012299e-02
2.718999423086643219e-02
4.096264764666557312e-02
5.065791681408882141e-02
4.533055797219276428e-02
2.853735163807868958e-02
2.879726141691207886e-02
5.231967568397521973e-02
1.212019398808479309e-01
2.120025604963302612e-01
2.134081721305847168e-01
7.669948786497116089e-02
1.570652239024639130e-02
2.552057616412639618e-02
3.123485110700130463e-02
2.254229970276355743e-02
1.196524780243635178e-02
1.482076104730367661e-02
3.122386150062084198e-02
6.153777241706848145e-02
1.097131147980690002e-01
1.227220073342323303e-01
5.852574855089187622e-02
9.260476566851139069e-03
1.589252240955829620e-02
1.898752897977828979e-02
1.722000539302825928e-02
1.154504157602787018e-02
1.168876327574253082e-02
2.289797924458980560e-02
3.662868216633796692e-02
5.077149346470832825e-02
5.185040831565856934e-02
2.455055154860019684e-02
-1.710874930722638965e-04
7.706621661782264709e-03
1.238854788243770599e-02
1.084249000996351242e-02
8.339509367942810059e-03
1.080448366701602936e-02
1.786892861127853394e-02
2.368136867880821228e-02
2.574582770466804504e-02
1.652373187243938446e-02
7.523810490965843201e-03
-7.022877689450979233e-04
2.991760149598121643e-03
5.319199524819850922e-03
5.130308214575052261e-03
3.216631943359971046e-03
5.825156345963478088e-03
1.089960895478725433e-02
1.273239031434059143e-02
1.350259315222501755e-02
1.171097857877612114e-03
-2.232584869489073753e-03
1.560640987008810043e-03
2.594819292426109314e-03
2.568393247202038765e-03
6.371902301907539368e-03
4.586865194141864777e-03
4.922916647046804428e-03
3.903779201209545135e-03
5.745467729866504669e-03
3.613372100517153740e-03
-3.468198934569954872e-03
-5.577038507908582687e-03
3.396008396521210670e-03
7.491786964237689972e-03
1.729563996195793152e-02
9.054276160895824432e-03
2.347104018554091454e-03
8.230947889387607574e-03
1.360227353870868683e-02
6.572731304913759232e-03
8.552966639399528503e-03
1.162666175514459610e-02
7.835558615624904633e-03
2.780810697004199028e-03
7.635232526808977127e-03
1.788562722504138947e-02
1.100793201476335526e-02
1.137993205338716507e-02
2.830379828810691833e-02
2.676445245742797852e-02
2.514010295271873474e-02
3.070639260113239288e-02
2.474458515644073486e-02
6.742170080542564392e-03
-1.831153756938874722e-03
-3.081364324316382408e-03
1.044424809515476227e-02
1.066756621003150940e-02
3.755368664860725403e-02
5.633032321929931641e-02
5.078095570206642151e-02
5.211491137742996216e-02
4.124388098716735840e-02
2.188144251704216003e-02
1.887992722913622856e-03
-4.717809613794088364e-03
-1.651898398995399475e-02
-1.015438977628946304e-02
1.302498672157526016e-02
7.462735474109649658e-02
7.844579219818115234e-02
5.914989858865737915e-02
4.285056143999099731e-02
2.374412491917610168e-02
1.755768782459199429e-03
-6.228147540241479874e-03
-7.128781173378229141e-03
-3.091279603540897369e-02
-3.018897399306297302e-02
5.946657434105873108e-02
1.220020130276679993e-01
8.638651669025421143e-02
3.712243586778640747e-02
-3.179391787853091955e-04
-1.700555160641670227e-02
-1.768655702471733093e-02
-1.102905999869108200e-02
-1.052490901201963425e-02
-4.780600965023040771e-02
-2.286260761320590973e-02
1.315937638282775879e-01
1.369769573211669922e-01
3.972135484218597412e-02
-3.422113880515098572e-02
-4.400816187262535095e-02
-3.742545098066329956e-02
-2.901383116841316223e-02
-1.715462654829025269e-02
-1.025715656578540802e-02
-5.083495378494262695e-02
5.132547393441200256e-02
1.648045778274536133e-01
9.312088787555694580e-02
-6.282516568899154663e-02
-8.317197859287261963e-02
-5.968476086854934692e-02
-5.285772308707237244e-02
-4.557736217975616455e-02
-3.330685943365097046e-02
-8.665847592055797577e-03
-3.848636895418167114e-02
1.175439357757568359e-01
1.628955304622650146e-01
-4.860335960984230042e-03
-1.349616497755050659e-01
-1.033076867461204529e-01
-8.887695521116256714e-02
-8.112807571887969971e-02
-5.506390705704689026e-02
-2.110630460083484650e-02
-6.804448552429676056e-03
-1.933361403644084930e-02
1.391708254814147949e-01
1.611279249191284180e-01
6.954909767955541611e-03
-9.671143442392349243e-02
-7.119017839431762695e-02
-2.132308855652809143e-02
2.727636881172657013e-02
5.958214774727821350e-02
5.975654721260070801e-02
-3.208459820598363876e-04
3.068307647481560707e-03
1.170891523361206055e-01
1.802550405263900757e-01
1.631594002246856689e-01
1.574117839336395264e-01
1.854204833507537842e-01
1.929553747177124023e-01
1.694544702768325806e-01
1.274150162935256958e-01
8.260443806648254395e-02
1.082076784223318100e-02
1.388117857277393341e-02
4.655661433935165405e-02
1.132478341460227966e-01
1.487858593463897705e-01
1.570894718170166016e-01
1.528576910495758057e-01
1.273023784160614014e-01
9.010697156190872192e-02
6.191207468509674072e-02
3.977868333458900452e-02
1.388503331691026688e-02
7.858292199671268463e-03
2.495828783139586449e-03
-3.948993515223264694e-03
-9.718164801597595215e-03
-1.233130693435668945e-02
-1.343998778611421585e-02
2.949304506182670593e-02
8.950281143188476562e-02
7.002493739128112793e-02
3.542988374829292297e-02
7.161687128245830536e-03
1.803841441869735718e-03
-6.565311457961797714e-03
-1.494138967245817184e-02
-2.239961549639701843e-02
-3.121843189001083374e-02
2.220498025417327881e-02
1.500080525875091553e-01
1.259361058473587036e-01
6.370066851377487183e-02
2.914004400372505188e-02
5.013358313590288162e-04
-7.334566675126552582e-03
-1.895137690007686615e-02
-3.172810375690460205e-02
-5.323035642504692078e-02
-8.713351190090179443e-02
9.290628135204315186e-02
2.212339639663696289e-01
1.330274343490600586e-01
7.377662509679794312e-02
2.320512756705284119e-02
-4.211842082440853119e-03
-1.477910298854112625e-02
-2.969712577760219574e-02
-5.075021088123321533e-02
-9.617066383361816406e-02
-7.250989228487014771e-02
1.824089586734771729e-01
2.019942998886108398e-01
1.208265274763107300e-01
6.343737989664077759e-02
1.745727472007274628e-02
-1.295637525618076324e-02
-2.827174216508865356e-02
-4.608514904975891113e-02
-8.085405826568603516e-02
-8.534622192382812500e-02
1.876066476106643677e-01
2.590689659118652344e-01
1.744417250156402588e-01
8.991292119026184082e-02
4.798315092921257019e-02
1.636659167706966400e-02
-1.821366697549819946e-02
-3.736103326082229614e-02
-6.638862192630767822e-02
-7.580620795488357544e-02
1.843235343694686890e-01
3.085189759731292725e-01
2.251097857952117920e-01
1.142385527491569519e-01
5.903920903801918030e-02
3.197765350341796875e-02
1.128522306680679321e-02
-2.336343377828598022e-02
-5.066388472914695740e-02
-4.814317077398300171e-02
1.495318114757537842e-01
3.115238249301910400e-01
2.441991418600082397e-01
1.107648387551307678e-01
4.600729793310165405e-02
3.293488547205924988e-02
1.907912455499172211e-02
9.142303839325904846e-03
-2.872954308986663818e-02
-3.145932778716087341e-02
9.928396344184875488e-02
2.598122358322143555e-01
2.407661229372024536e-01
1.205098107457160950e-01
3.384405001997947693e-02
2.384562417864799500e-02
2.160224132239818573e-02
1.330767851322889328e-02
5.721105728298425674e-03
-9.516590274870395660e-03
6.545844674110412598e-02
1.913318336009979248e-01
2.110120952129364014e-01
1.352330148220062256e-01
4.305011779069900513e-02
2.022691816091537476e-02
2.635197713971138000e-02
1.925328187644481659e-02
1.128128543496131897e-02
4.789603874087333679e-03
4.746768623590469360e-02
1.221738383173942566e-01
1.577562093734741211e-01
1.284152716398239136e-01
5.866124853491783142e-02
2.514172159135341644e-02
2.127399295568466187e-02
2.761355601251125336e-02
1.849533990025520325e-02
1.233967579901218414e-02
4.970140755176544189e-03
1.049835532903671265e-01
1.197170466184616089e-01
1.033518686890602112e-01
5.694187059998512268e-02
2.086895331740379333e-02
1.815713942050933838e-02
1.726115122437477112e-02
2.201829850673675537e-02
1.614304259419441223e-02
8.570181205868721008e-03
3.264385042712092400e-03
2.877783775329589844e-02
4.878088086843490601e-02
5.845626816153526306e-02
6.672560423612594604e-02
8.526501804590225220e-02
1.210294440388679504e-01
1.479842066764831543e-01
1.609313786029815674e-01
1.532125324010848999e-01
1.271730959415435791e-01
1.199153587222099304e-01
6.941974163055419922e-02
7.565762847661972046e-02
1.105518713593482971e-01
1.703036874532699585e-01
2.269203960895538330e-01
2.632492780685424805e-01
2.835001051425933838e-01
2.710474133491516113e-01
2.260007709264755249e-01
1.844961941242218018e-01
1.536606103181838989e-01
9.253555536270141602e-02
1.343001574277877808e-01
2.067010253667831421e-01
2.258288115262985229e-01
1.518467515707015991e-01
4.774710536003112793e-02
7.834777235984802246e-03
1.255959365516901016e-02
2.739930152893066406e-02
5.899951234459877014e-02
6.513858586549758911e-02
1.237482056021690369e-01
1.904110461473464966e-01
1.406058371067047119e-01
-2.312894538044929504e-02
-1.160038188099861145e-01
-1.198648735880851746e-01
-9.433352947235107422e-02
-6.863082200288772583e-02
-4.116843268275260925e-02
-2.051011845469474792e-02
-1.461551059037446976e-02
1.067773997783660889e-01
5.364288389682769775e-02
-4.541569575667381287e-02
-6.197647750377655029e-02
-6.182526051998138428e-02
-5.203701183199882507e-02
-3.713831305503845215e-02
-2.337167970836162567e-02
-5.689663346856832504e-03
-1.673408551141619682e-03
-8.428214117884635925e-03
5.280720535665750504e-03
-1.388277206569910049e-02
-1.352688670158386230e-02
-2.223631553351879120e-02
-2.075894176959991455e-02
-1.348707079887390137e-02
-7.537799421697854996e-03
-1.186733134090900421e-03
9.484528563916683197e-03
7.056161761283874512e-03
-6.502563133835792542e-03
-2.370307035744190216e-02
2.131582936272025108e-03
1.221363432705402374e-02
1.140705891884863377e-03
5.472272634506225586e-03
1.375775039196014404e-02
1.526373159140348434e-02
1.677939109504222870e-02
1.660947501659393311e-02
9.705794975161552429e-03
2.827888529282063246e-04
-4.781224764883518219e-03
2.528364025056362152e-02
2.586119621992111206e-02
2.312315814197063446e-02
2.928331494331359863e-02
2.798302657902240753e-02
3.383228555321693420e-02
3.371269628405570984e-02
2.440061606466770172e-02
2.029349468648433685e-02
1.272545196115970612e-02
7.873104885220527649e-03
3.499420359730720520e-02
3.193957731127738953e-02
3.566863387823104858e-02
4.342354461550712585e-02
4.606394097208976746e-02
4.721376299858093262e-02
4.614248871803283691e-02
3.680568560957908630e-02
3.285830840468406677e-02
1.884059794247150421e-02
1.148533169180154800e-02
3.017936833202838898e-02
3.943866491317749023e-02
4.750238358974456787e-02
5.299656093120574951e-02
6.047482788562774658e-02
5.773937702178955078e-02
5.552102252840995789e-02
5.390093103051185608e-02
4.235204309225082397e-02
2.854544110596179962e-02
2.150514535605907440e-02
3.039318509399890900e-02
4.231199249625205994e-02
4.981504008173942566e-02
4.610612243413925171e-02
5.597955361008644104e-02
4.956730455160140991e-02
4.454009234905242920e-02
3.867904096841812134e-02
3.446428850293159485e-02
3.004565462470054626e-02
4.281005356460809708e-03
9.802206419408321381e-03
1.057200692594051361e-02
1.455028075724840164e-02
7.072688080370426178e-03
2.103181369602680206e-02
4.926461726427078247e-02
9.885071218013763428e-02
6.512331217527389526e-02
-2.794922515749931335e-02
-1.694732159376144409e-02
9.553261101245880127e-03
1.365356147289276123e-02
1.095162797719240189e-02
8.093019947409629822e-03
1.644034200580790639e-04
3.105469606816768646e-02
9.236123412847518921e-02
1.358895897865295410e-01
3.368343412876129150e-02
-3.483073785901069641e-02
-1.453451905399560928e-02
6.546423770487308502e-03
1.688825152814388275e-02
1.265193894505500793e-02
1.142546441406011581e-02
1.510055270045995712e-02
8.130262047052383423e-02
1.713048815727233887e-01
2.005925774574279785e-01
3.179206512868404388e-03
-3.525256738066673279e-02
-1.272237766534090042e-02
1.314426027238368988e-02
2.999122999608516693e-02
3.264303877949714661e-02
3.141951560974121094e-02
6.019307300448417664e-02
1.619785428047180176e-01
2.516864538192749023e-01
2.167504280805587769e-01
-2.530313096940517426e-02
-2.867431752383708954e-02
-1.055616233497858047e-02
2.221732586622238159e-02
3.552553057670593262e-02
3.650788962841033936e-02
4.182208329439163208e-02
1.156274825334548950e-01
2.245205342769622803e-01
2.886631488800048828e-01
8.897758275270462036e-02
-5.224825069308280945e-02
-2.287027426064014435e-02
-8.576747961342334747e-03
2.816359885036945343e-02
3.543733432888984680e-02
2.670765481889247894e-02
5.711868777871131897e-02
1.812565624713897705e-01
2.691186666488647461e-01
2.419157475233078003e-01
-6.063884869217872620e-02
-5.291430652141571045e-02
-1.776574552059173584e-02
-7.459244690835475922e-03
1.938086003065109253e-02
1.630977727472782135e-02
2.323357015848159790e-02
1.094553023576736450e-01
2.301723659038543701e-01
2.873260676860809326e-01
4.885073006153106689e-02
-8.069130778312683105e-02
-3.598431125283241272e-02
-1.307297404855489731e-02
-6.573257036507129669e-03
4.150802269577980042e-03
1.113250944763422012e-02
5.893666669726371765e-02
1.644697338342666626e-01
2.516963779926300049e-01
1.723271906375885010e-01
-7.111136615276336670e-02
-5.078523233532905579e-02
-2.086848393082618713e-02
-8.403550833463668823e-03
-5.492363590747117996e-03
6.557645741850137711e-03
2.526016160845756531e-02
9.310645610094070435e-02
1.922778189182281494e-01
2.129079252481460571e-01
-2.259166212752461433e-03
-6.144206225872039795e-02
-3.184955939650535583e-02
-1.153393741697072983e-02
-4.897786304354667664e-03
-4.903942346572875977e-03
1.370211318135261536e-02
4.704269021749496460e-02
1.150386407971382141e-01
2.021939754486083984e-01
1.009502112865447998e-01
-2.207060903310775757e-02
-3.024085983633995056e-02
-2.110094763338565826e-02
-1.000913046300411224e-02
-5.016655661165714264e-03
-4.438481293618679047e-03
2.592389099299907684e-02
7.256908714771270752e-02
1.212048903107643127e-01
1.296440362930297852e-01
3.841586410999298096e-02
-8.983358740806579590e-03
-1.477110199630260468e-02
-1.538285892456769943e-02
-1.283117569983005524e-02
-9.326295927166938782e-03
-6.951943039894104004e-03
1.437431317754089832e-03
-1.066306047141551971e-02
1.573314331471920013e-02
7.386400550603866577e-02
7.445570826530456543e-02
2.408458292484283447e-02
1.258042757399380207e-03
2.730335108935832977e-03
1.344120828434824944e-04
-6.290042772889137268e-03
-9.407219476997852325e-03
4.596864804625511169e-03
-1.936199516057968140e-02
-1.601667143404483795e-02
8.057942986488342285e-02
1.056528687477111816e-01
3.188452124595642090e-02
2.485537668690085411e-03
9.960099123418331146e-03
3.186074551194906235e-03
-7.039056625217199326e-03
-9.467934258282184601e-03
2.400236204266548157e-03
-2.954812720417976379e-02
-4.959429427981376648e-02
8.283977955579757690e-02
1.357593387365341187e-01
4.192645475268363953e-02
1.319580944254994392e-03
8.164004422724246979e-03
8.257061126641929150e-04
-8.703075349330902100e-03
-9.346130304038524628e-03
-1.042839325964450836e-02
-3.896318376064300537e-02
-7.018100470304489136e-02
1.020555496215820312e-01
1.662799715995788574e-01
4.534163326025009155e-02
1.744861947372555733e-03
7.996093481779098511e-03
2.292063087224960327e-03
-6.552587728947401047e-03
-7.027538958936929703e-03
-1.449553202837705612e-02
-4.160911589860916138e-02
-6.528066098690032959e-02
1.550192832946777344e-01
1.751662194728851318e-01
3.376175835728645325e-02
-5.994956009089946747e-03
6.835532840341329575e-03
5.419603548943996429e-03
-4.337985068559646606e-03
-6.912023294717073441e-03
-9.807121008634567261e-03
-3.915814682841300964e-02
-3.171835839748382568e-02
1.935251355171203613e-01
1.551392823457717896e-01
9.670150466263294220e-03
-1.293711271136999130e-02
3.904065815731883049e-03
5.613542161881923676e-03
-3.553296672180294991e-03
-6.258545443415641785e-03
-1.020381506532430649e-02
-4.022374376654624939e-02
2.389089018106460571e-02
1.868649274110794067e-01
1.155648604035377502e-01
-7.648639846593141556e-03
-7.604485843330621719e-03
2.742975018918514252e-03
1.756779267452657223e-03
-5.538132973015308380e-03
-6.960425060242414474e-03
-1.126707531511783600e-02
-3.323092684149742126e-02
7.270533591508865356e-02
1.533406227827072144e-01
7.524411380290985107e-02
-5.524465814232826233e-03
-5.213508382439613342e-03
2.075345488265156746e-03
-4.069465678185224533e-03
-9.070435538887977600e-03
-6.791383493691682816e-03
-8.405145257711410522e-03
-1.395043544471263885e-02
9.108840674161911011e-02
1.160847172141075134e-01
5.073496699333190918e-02
8.964539505541324615e-03
2.490286715328693390e-03
-4.219392314553260803e-03
-1.064069662243127823e-02
-1.066150702536106110e-02
-6.657582707703113556e-03
-1.713125593960285187e-02
-4.723507910966873169e-03
7.635933905839920044e-02
8.304669708013534546e-02
4.247669875621795654e-02
1.994893513619899750e-02
5.361588206142187119e-03
-3.832213114947080612e-03
-9.705710224807262421e-03
-8.645825088024139404e-03
-5.580683238804340363e-03
-3.137848898768424988e-02
-6.406607106328010559e-03
5.508398264646530151e-02
6.547166407108306885e-02
3.766623884439468384e-02
1.261219289153814316e-02
-3.158758161589503288e-03
-6.847950629889965057e-03
-9.564063511788845062e-03
-9.423822164535522461e-03
-1.015206146985292435e-02
-4.944803193211555481e-03
5.412408336997032166e-02
8.547344058752059937e-02
5.363360792398452759e-02
1.390969380736351013e-02
-2.547134179621934891e-03
-5.050993990153074265e-03
-7.663711439818143845e-03
-7.836871780455112457e-03
-4.999203607439994812e-03
1.630395418033003807e-03
-1.726886443793773651e-02
6.191896274685859680e-02
1.391095072031021118e-01
8.018130809068679810e-02
2.873373916372656822e-03
-1.734625548124313354e-02
-9.328931570053100586e-03
-4.443946294486522675e-03
-3.832656890153884888e-03
-5.148106254637241364e-03
-1.877896022051572800e-03
-3.318583592772483826e-02
7.067576795816421509e-02
2.028667777776718140e-01
1.066013500094413757e-01
-1.456322241574525833e-02
-2.653011493384838104e-02
-1.253941655158996582e-02
-5.041775293648242950e-03
-4.713106900453567505e-03
-5.964417010545730591e-03
-3.504760330542922020e-03
-4.600326344370841980e-02
5.319235101342201233e-02
2.521703243255615234e-01
1.536701768636703491e-01
-1.160060055553913116e-02
-2.778075635433197021e-02
-1.801184192299842834e-02
-1.276374794542789459e-02
-1.217115018516778946e-02
-1.256701443344354630e-02
-7.474956568330526352e-03
-4.741871356964111328e-02
-4.971155431121587753e-05
2.637206912040710449e-01
2.278326302766799927e-01
5.659274011850357056e-02
-2.056543156504631042e-02
-2.881405875086784363e-02
-2.946244925260543823e-02
-2.756293304264545441e-02
-2.575470507144927979e-02
-1.409109216183423996e-02
-3.743046894669532776e-02
-5.604343488812446594e-02
1.931324303150177002e-01
2.847857177257537842e-01
1.961571276187896729e-01
3.833474218845367432e-02
-3.294145315885543823e-02
-4.819565266370773315e-02
-4.498259723186492920e-02
-3.686268255114555359e-02
-2.274860069155693054e-02
-2.435592561960220337e-02
-5.993261188268661499e-02
2.244363166391849518e-02
2.543029189109802246e-01
2.736998200416564941e-01
1.861037760972976685e-01
5.909572169184684753e-02
-1.061121094971895218e-02
-2.316363900899887085e-02
-1.999347284436225891e-02
-1.754531823098659515e-02
-1.292975805699825287e-02
-3.314769640564918518e-02
-5.981435626745223999e-02
5.659983307123184204e-02
2.176371514797210693e-01
2.290704399347305298e-01
1.768260449171066284e-01
1.159874275326728821e-01
6.876809895038604736e-02
3.645441681146621704e-02
1.515419594943523407e-02
-5.661095026880502701e-03
-1.431659143418073654e-02
-3.050008416175842285e-02
-4.142964631319046021e-02
2.311607077717781067e-02
1.180922240018844604e-01
1.508759558200836182e-01
1.368386894464492798e-01
1.069138124585151672e-01
6.766731292009353638e-02
3.521687537431716919e-02
-1.809483394026756287e-03
-2.204042393714189529e-03
-6.717733573168516159e-03
-1.573541760444641113e-02
-2.075961604714393616e-02
-7.390740793198347092e-03
3.611457347869873047e-02
6.284213066101074219e-02
6.742490082979202271e-02
5.230828374624252319e-02
3.614199534058570862e-02
-6.969633977860212326e-04
-7.530517177656292915e-04
-1.891869585961103439e-03
-5.599515046924352646e-03
-1.083431579172611237e-02
-1.451434195041656494e-02
-1.321227662265300751e-02
-3.982447553426027298e-03
1.361057721078395844e-02
2.016130648553371429e-02
1.969378441572189331e-02
1.883784309029579163e-02
2.643657848238945007e-02
5.572519078850746155e-02
5.226063728332519531e-02
5.675316601991653442e-02
6.302881240844726562e-02
6.103092432022094727e-02
3.644623234868049622e-02
2.567873336374759674e-02
1.813333295285701752e-02
1.656011119484901428e-02
2.970100380480289459e-02
3.655588999390602112e-02
7.525562494993209839e-02
7.173398882150650024e-02
8.390915393829345703e-02
9.008976072072982788e-02
7.312086224555969238e-02
4.329177737236022949e-02
3.035876527428627014e-02
2.089805342257022858e-02
2.316126227378845215e-02
4.067635908722877502e-02
6.609236449003219604e-02
1.046979501843452454e-01
1.088532879948616028e-01
1.316170543432235718e-01
1.220425590872764587e-01
8.272294700145721436e-02
5.576466023921966553e-02
5.762324109673500061e-02
5.965472757816314697e-02
7.622808218002319336e-02
3.338060528039932251e-02
7.943215221166610718e-02
1.505229771137237549e-01
1.864394992589950562e-01
1.879430115222930908e-01
1.509669870138168335e-01
1.095706075429916382e-01
1.081513017416000366e-01
1.249648779630661011e-01
1.270423978567123413e-01
1.250000596046447754e-01
1.795586012303829193e-02
4.672524705529212952e-02
1.392947286367416382e-01
2.254392951726913452e-01
1.988715231418609619e-01
1.699573397636413574e-01
1.563185155391693115e-01
1.694002002477645874e-01
1.730731576681137085e-01
1.553789824247360229e-01
1.075888648629188538e-01
1.258227042853832245e-02
1.108776964247226715e-02
5.128993093967437744e-02
1.509294956922531128e-01
1.611646413803100586e-01
1.724344044923782349e-01
1.684700250625610352e-01
1.799143850803375244e-01
1.697001755237579346e-01
1.165158897638320923e-01
6.650891900062561035e-02
6.096613593399524689e-03
-1.870323438197374344e-03
5.135659500956535339e-02
1.535284966230392456e-01
1.825430244207382202e-01
1.796526461839675903e-01
1.519973874092102051e-01
1.349544525146484375e-01
7.711362093687057495e-02
4.181648045778274536e-02
2.752403356134891510e-02
9.716520085930824280e-03
2.471051178872585297e-02
1.080719381570816040e-01
1.757725477218627930e-01
1.830590665340423584e-01
1.466679871082305908e-01
7.552823424339294434e-02
1.880118437111377716e-02
3.100406145676970482e-03
6.465301383286714554e-03
7.167906034737825394e-03
2.344070374965667725e-02
6.283946335315704346e-02
1.282091736793518066e-01
1.714171022176742554e-01
1.362893134355545044e-01
7.003536075353622437e-02
1.620009914040565491e-02
8.338390849530696869e-03
7.050753571093082428e-03
8.955810219049453735e-03
9.425621479749679565e-03
2.662123925983905792e-02
7.256960123777389526e-02
1.176502406597137451e-01
1.341357082128524780e-01
7.383251190185546875e-02
3.919949755072593689e-02
1.486445311456918716e-02
1.723547652363777161e-02
1.217693649232387543e-02
1.061839424073696136e-02
1.048102788627147675e-02
3.759257867932319641e-02
6.921307742595672607e-02
8.260724693536758423e-02
6.984616070985794067e-02
4.659673571586608887e-02
4.609071463346481323e-02
3.316127881407737732e-02
2.066526003181934357e-02
1.938201114535331726e-02
1.017247047275304794e-02
1.552742160856723785e-02
2.279544435441493988e-02
2.154987119138240814e-02
3.249251842498779297e-02
4.116563126444816589e-02
4.210664704442024231e-02
3.633239492774009705e-02
3.247748687863349915e-02
2.841676957905292511e-02
1.465124357491731644e-02
-1.360981113975867629e-04
-7.702375296503305435e-03
2.466134168207645416e-02
3.151194751262664795e-02
3.719176724553108215e-02
4.513110965490341187e-02
4.972193017601966858e-02
4.779896512627601624e-02
4.080338031053543091e-02
2.590664662420749664e-02
1.082085818052291870e-02
-7.819239050149917603e-03
-9.787039831280708313e-03
1.855839416384696960e-02
2.734594792127609253e-02
4.294958710670471191e-02
6.836221367120742798e-02
8.650351315736770630e-02
9.391806274652481079e-02
7.675086706876754761e-02
3.544127196073532104e-02
4.076742334291338921e-04
-2.249573171138763428e-02
-1.534002833068370819e-02
1.549588865600526333e-03
8.109546266496181488e-03
2.396435290575027466e-02
4.620187357068061829e-02
9.552191197872161865e-02
1.480841934680938721e-01
1.693665087223052979e-01
1.153154000639915466e-01
1.260830461978912354e-02
-3.559680655598640442e-02
-2.097372710704803467e-02
-8.998118573799729347e-04
-5.210398696362972260e-03
-4.628527443856000900e-03
4.755732137709856033e-03
4.363117367029190063e-02
1.412048041820526123e-01
2.199494391679763794e-01
2.445103228092193604e-01
1.307068169116973877e-01
-3.469678759574890137e-02
-2.834891155362129211e-02
5.491148913279175758e-04
-6.932657212018966675e-03
-1.095112506300210953e-02
-2.804361749440431595e-03
1.600631512701511383e-02
7.314234226942062378e-02
2.008544951677322388e-01
2.874849438667297363e-01
2.755259871482849121e-01
1.648977957665920258e-02
-3.381246700882911682e-02
1.016172207891941071e-02
7.368320948444306850e-04
4.080535378307104111e-03
1.438545994460582733e-02
1.701663434505462646e-02
3.267490491271018982e-02
1.235947385430335999e-01
2.551601529121398926e-01
3.087878525257110596e-01
5.878385528922080994e-02
-3.759664297103881836e-02
1.032377779483795166e-02
2.114694798365235329e-03
3.245010273531079292e-03
5.886308848857879639e-03
3.344008466228842735e-03
1.428550202399492264e-02
9.353239089250564575e-02
2.167082577943801880e-01
2.713946402072906494e-01
6.724955886602401733e-02
-3.180842101573944092e-02
5.061777774244546890e-03
-5.219993647187948227e-03
-7.848937064409255981e-03
-6.348651833832263947e-03
-2.220912603661417961e-03
2.730547636747360229e-02
1.069766730070114136e-01
1.789645999670028687e-01
2.125449478626251221e-01
6.821393966674804688e-02
-1.856167800724506378e-02
4.202351439744234085e-03
-4.903606604784727097e-03
-2.487911144271492958e-03
6.317682564258575439e-03
2.417912147939205170e-02
5.903015285730361938e-02
1.051457226276397705e-01
1.335862278938293457e-01
1.508233547210693359e-01
5.570271238684654236e-02
-1.019781082868576050e-02
2.582571934908628464e-03
-3.416381543502211571e-03
4.775306209921836853e-03
1.572060957551002502e-02
2.702013403177261353e-02
3.550067171454429626e-02
5.120430886745452881e-02
7.205715030431747437e-02
9.128776937723159790e-02
4.923375695943832397e-02
-6.128967273980379105e-03
1.744241826236248016e-02
2.264667488634586334e-02
3.345418348908424377e-02
4.019600898027420044e-02
4.143740236759185791e-02
3.250291943550109863e-02
2.962609194219112396e-02
2.802203036844730377e-02
2.374829538166522980e-02
1.917178183794021606e-02
1.185640692710876465e-02
2.148238569498062134e-02
3.649794310331344604e-02
6.454337388277053833e-02
8.191130310297012329e-02
8.091610670089721680e-02
6.205035746097564697e-02
5.584370344877243042e-02
4.630053415894508362e-02
3.271977230906486511e-02
2.283160202205181122e-02
1.307787466794252396e-02
2.663521841168403625e-02
5.246330797672271729e-02
1.099829748272895813e-01
1.457196772098541260e-01
1.068683415651321411e-01
8.809261023998260498e-02
6.995428353548049927e-02
4.696194455027580261e-02
3.433907032012939453e-02
3.598215430974960327e-02
2.773816511034965515e-02
3.157997131347656250e-02
6.721437722444534302e-02
1.557315737009048462e-01
1.838066279888153076e-01
1.384549140930175781e-01
9.578009694814682007e-02
5.507352203130722046e-02
5.236812680959701538e-02
6.001524627208709717e-02
6.175137311220169067e-02
4.580088332295417786e-02
3.192022815346717834e-02
1.105284169316291809e-01
1.708705276250839233e-01
1.818871349096298218e-01
1.593525409698486328e-01
1.037729308009147644e-01
8.053832501173019409e-02
9.461494535207748413e-02
1.066178604960441589e-01
8.646540343761444092e-02
5.481419339776039124e-02
2.325259894132614136e-02
1.429606080055236816e-01
1.965185254812240601e-01
1.842182874679565430e-01
1.781366020441055298e-01
1.698294132947921753e-01
1.558256447315216064e-01
1.499429494142532349e-01
1.260653585195541382e-01
8.694981038570404053e-02
6.178949028253555298e-02
-2.207890851423144341e-03
1.030876040458679199e-01
2.296916544437408447e-01
2.322941869497299194e-01
2.255425900220870972e-01
2.240650653839111328e-01
1.991556286811828613e-01
1.760648488998413086e-01
1.425382792949676514e-01
1.020263656973838806e-01
8.664412051439285278e-02
-1.463574357330799103e-02
1.477094925940036774e-02
1.392565220594406128e-01
2.443865090608596802e-01
2.711829245090484619e-01
2.552890479564666748e-01
2.217240631580352783e-01
1.918751299381256104e-01
1.548544615507125854e-01
1.159422621130943298e-01
9.596563875675201416e-02
-1.006675418466329575e-02
-1.480226963758468628e-02
-7.527471985667943954e-03
4.448819905519485474e-02
1.196454539895057678e-01
1.416172534227371216e-01
1.217575296759605408e-01
9.919853508472442627e-02
6.699799746274948120e-02
4.715386033058166504e-02
3.797291591763496399e-02
-5.463603883981704712e-03
-8.804625831544399261e-03
-1.528028212487697601e-02
-2.175115607678890228e-02
-2.424995601177215576e-02
-3.125717863440513611e-02
-3.898437693715095520e-02
-3.547589853405952454e-02
-2.796963043510913849e-02
-1.776791550219058990e-02
-9.777220897376537323e-03
-3.660622518509626389e-03
-4.903444554656744003e-03
-5.788738839328289032e-03
-4.978026263415813446e-03
-3.686885582283139229e-03
-5.623719189316034317e-03
-9.237774647772312164e-03
-1.206026412546634674e-02
-1.291368622332811356e-02
-9.301953949034214020e-03
-9.276415221393108368e-03
1.933099888265132904e-02
